{
  "stats": {
    "suites": 1,
    "tests": 2,
    "passes": 2,
    "pending": 0,
    "failures": 0,
    "start": "2020-12-09T09:27:51.366Z",
    "end": "2020-12-09T09:27:52.212Z",
    "duration": 846,
    "testsRegistered": 2,
    "passPercent": 100,
    "pendingPercent": 0,
    "other": 0,
    "hasOther": false,
    "skipped": 0,
    "hasSkipped": false
  },
  "results": [
    {
      "uuid": "5c60f163-7cb0-4bc9-95e4-70b341a1e778",
      "title": "",
      "fullFile": "cypress/integration/api-testing/mainPage.spec.js",
      "file": "cypress/integration/api-testing/mainPage.spec.js",
      "beforeHooks": [],
      "afterHooks": [],
      "tests": [],
      "suites": [
        {
          "uuid": "3ca12ab6-9661-44a1-9823-940cbfb82ab4",
          "title": "HOTT API Testing",
          "fullFile": "",
          "file": "",
          "beforeHooks": [],
          "afterHooks": [],
          "tests": [
            {
              "title": "1.Get - read main page response not null",
              "fullTitle": "HOTT API Testing 1.Get - read main page response not null",
              "timedOut": null,
              "duration": 559,
              "state": "passed",
              "speed": "slow",
              "pass": true,
              "fail": false,
              "pending": false,
              "context": null,
              "code": "cy.request('/0702000007').then(function (response) {\n  expect(response.body).to.not.be[\"null\"];\n});",
              "err": {},
              "uuid": "c86dd11e-59ba-4c0a-b586-578f06ed6ac1",
              "parentUUID": "3ca12ab6-9661-44a1-9823-940cbfb82ab4",
              "isHook": false,
              "skipped": false
            },
            {
              "title": "2.GET - read main page response code 200",
              "fullTitle": "HOTT API Testing 2.GET - read main page response code 200",
              "timedOut": null,
              "duration": 253,
              "state": "passed",
              "speed": "slow",
              "pass": true,
              "fail": false,
              "pending": false,
              "context": null,
              "code": "cy.request('/0702000007').then(function (response) {\n  expect(response).to.have.property('status', 200);\n});",
              "err": {},
              "uuid": "d4323367-6528-477c-bfa7-c76ef3d056a9",
              "parentUUID": "3ca12ab6-9661-44a1-9823-940cbfb82ab4",
              "isHook": false,
              "skipped": false
            }
          ],
          "suites": [],
          "passes": [
            "c86dd11e-59ba-4c0a-b586-578f06ed6ac1",
            "d4323367-6528-477c-bfa7-c76ef3d056a9"
          ],
          "failures": [],
          "pending": [],
          "skipped": [],
          "duration": 812,
          "root": false,
          "rootEmpty": false,
          "_timeout": 2000
        }
      ],
      "passes": [],
      "failures": [],
      "pending": [],
      "skipped": [],
      "duration": 0,
      "root": true,
      "rootEmpty": true,
      "_timeout": 2000
    }
  ],
  "meta": {
    "mocha": {
      "version": "7.0.1"
    },
    "mochawesome": {
      "options": {
        "quiet": false,
        "reportFilename": "mochawesome",
        "saveHtml": false,
        "saveJson": true,
        "consoleReporter": "spec",
        "useInlineDiffs": false,
        "code": true
      },
      "version": "6.2.1"
    },
    "marge": {
      "options": {
        "id": "default",
        "reportDir": "cypress/reports/mocha",
        "quite": true,
        "overwrite": false,
        "html": false,
        "json": true
      },
      "version": "5.1.0"
    }
  }
}