{
  "stats": {
    "suites": 1,
    "tests": 3,
    "passes": 3,
    "pending": 0,
    "failures": 0,
    "start": "2020-12-08T11:37:13.227Z",
    "end": "2020-12-08T11:37:13.667Z",
    "duration": 440,
    "testsRegistered": 3,
    "passPercent": 100,
    "pendingPercent": 0,
    "other": 0,
    "hasOther": false,
    "skipped": 0,
    "hasSkipped": false
  },
  "results": [
    {
      "uuid": "755a8d94-475b-4e7e-bef5-acf293242bb9",
      "title": "",
      "fullFile": "cypress/integration/api-testing/sectionsPage.spec.js",
      "file": "cypress/integration/api-testing/sectionsPage.spec.js",
      "beforeHooks": [],
      "afterHooks": [],
      "tests": [],
      "suites": [
        {
          "uuid": "70a7474c-3674-4f11-8a8b-25d359d4ec4b",
          "title": "HOTT API Testing",
          "fullFile": "",
          "file": "",
          "beforeHooks": [],
          "afterHooks": [],
          "tests": [
            {
              "title": "1 .main page response code 200",
              "fullTitle": "HOTT API Testing 1 .main page response code 200",
              "timedOut": null,
              "duration": 279,
              "state": "passed",
              "speed": "slow",
              "pass": true,
              "fail": false,
              "pending": false,
              "context": null,
              "code": "cy.request('/sections').then(function (response) {\n  expect(response).to.have.property('status', 200);\n});",
              "err": {},
              "uuid": "b67cfaa4-935a-4618-8c70-dae86686a3b8",
              "parentUUID": "70a7474c-3674-4f11-8a8b-25d359d4ec4b",
              "isHook": false,
              "skipped": false
            },
            {
              "title": "2. main page response not null",
              "fullTitle": "HOTT API Testing 2. main page response not null",
              "timedOut": null,
              "duration": 51,
              "state": "passed",
              "speed": "medium",
              "pass": true,
              "fail": false,
              "pending": false,
              "context": null,
              "code": "cy.request('/sections').then(function (response) {\n  expect(response.body).to.not.be[\"null\"];\n});",
              "err": {},
              "uuid": "193c5b78-a1f0-4e33-95b7-0d03c7cc3723",
              "parentUUID": "70a7474c-3674-4f11-8a8b-25d359d4ec4b",
              "isHook": false,
              "skipped": false
            },
            {
              "title": "3.returns a JSON data",
              "fullTitle": "HOTT API Testing 3.returns a JSON data",
              "timedOut": null,
              "duration": 77,
              "state": "passed",
              "speed": "slow",
              "pass": true,
              "fail": false,
              "pending": false,
              "context": null,
              "code": "cy.request('/sections').its('headers').its('content-type').should('include', 'application/json');",
              "err": {},
              "uuid": "59a18df1-bd4c-4811-b7c3-bd1818e230e7",
              "parentUUID": "70a7474c-3674-4f11-8a8b-25d359d4ec4b",
              "isHook": false,
              "skipped": false
            }
          ],
          "suites": [],
          "passes": [
            "b67cfaa4-935a-4618-8c70-dae86686a3b8",
            "193c5b78-a1f0-4e33-95b7-0d03c7cc3723",
            "59a18df1-bd4c-4811-b7c3-bd1818e230e7"
          ],
          "failures": [],
          "pending": [],
          "skipped": [],
          "duration": 407,
          "root": false,
          "rootEmpty": false,
          "_timeout": 2000
        }
      ],
      "passes": [],
      "failures": [],
      "pending": [],
      "skipped": [],
      "duration": 0,
      "root": true,
      "rootEmpty": true,
      "_timeout": 2000
    }
  ],
  "meta": {
    "mocha": {
      "version": "7.0.1"
    },
    "mochawesome": {
      "options": {
        "quiet": false,
        "reportFilename": "mochawesome",
        "saveHtml": false,
        "saveJson": true,
        "consoleReporter": "spec",
        "useInlineDiffs": false,
        "code": true
      },
      "version": "6.2.1"
    },
    "marge": {
      "options": {
        "id": "default",
        "reportDir": "cypress/reports/mocha",
        "quite": true,
        "overwrite": false,
        "html": false,
        "json": true
      },
      "version": "5.1.0"
    }
  }
}