{
  "stats": {
    "suites": 1,
    "tests": 3,
    "passes": 3,
    "pending": 0,
    "failures": 0,
    "start": "2020-12-09T15:19:01.831Z",
    "end": "2020-12-09T15:19:03.068Z",
    "duration": 1237,
    "testsRegistered": 3,
    "passPercent": 100,
    "pendingPercent": 0,
    "other": 0,
    "hasOther": false,
    "skipped": 0,
    "hasSkipped": false
  },
  "results": [
    {
      "uuid": "63c7491c-183e-40c7-9a67-2ae56499ef66",
      "title": "",
      "fullFile": "cypress/integration/api-testing/sectionsPage.spec.js",
      "file": "cypress/integration/api-testing/sectionsPage.spec.js",
      "beforeHooks": [],
      "afterHooks": [],
      "tests": [],
      "suites": [
        {
          "uuid": "15aa046c-0892-43b3-9fdb-5f8891b6a918",
          "title": "OTT API Testing - Sections Page v2",
          "fullFile": "",
          "file": "",
          "beforeHooks": [],
          "afterHooks": [],
          "tests": [
            {
              "title": "sections page - response code 200",
              "fullTitle": "OTT API Testing - Sections Page v2 sections page - response code 200",
              "timedOut": null,
              "duration": 254,
              "state": "passed",
              "speed": "slow",
              "pass": true,
              "fail": false,
              "pending": false,
              "context": null,
              "code": "cy.request('/sections').then(function (response) {\n  expect(response).to.have.property('status', 200);\n});",
              "err": {},
              "uuid": "39b08415-d242-426f-aa1b-6b5176c0af13",
              "parentUUID": "15aa046c-0892-43b3-9fdb-5f8891b6a918",
              "isHook": false,
              "skipped": false
            },
            {
              "title": " sections page - response not null",
              "fullTitle": "OTT API Testing - Sections Page v2  sections page - response not null",
              "timedOut": null,
              "duration": 387,
              "state": "passed",
              "speed": "slow",
              "pass": true,
              "fail": false,
              "pending": false,
              "context": null,
              "code": "cy.request('/sections').then(function (response) {\n  expect(response.body).to.not.be[\"null\"];\n});",
              "err": {},
              "uuid": "6257977b-735e-48ad-ac07-74d639fa1ebb",
              "parentUUID": "15aa046c-0892-43b3-9fdb-5f8891b6a918",
              "isHook": false,
              "skipped": false
            },
            {
              "title": "sections page - returns JSON data",
              "fullTitle": "OTT API Testing - Sections Page v2 sections page - returns JSON data",
              "timedOut": null,
              "duration": 321,
              "state": "passed",
              "speed": "slow",
              "pass": true,
              "fail": false,
              "pending": false,
              "context": null,
              "code": "cy.request('/sections').its('headers').its('content-type').should('include', 'application/json');",
              "err": {},
              "uuid": "180d3167-0644-471b-9b9d-e203ee2e7382",
              "parentUUID": "15aa046c-0892-43b3-9fdb-5f8891b6a918",
              "isHook": false,
              "skipped": false
            }
          ],
          "suites": [],
          "passes": [
            "39b08415-d242-426f-aa1b-6b5176c0af13",
            "6257977b-735e-48ad-ac07-74d639fa1ebb",
            "180d3167-0644-471b-9b9d-e203ee2e7382"
          ],
          "failures": [],
          "pending": [],
          "skipped": [],
          "duration": 962,
          "root": false,
          "rootEmpty": false,
          "_timeout": 2000
        }
      ],
      "passes": [],
      "failures": [],
      "pending": [],
      "skipped": [],
      "duration": 0,
      "root": true,
      "rootEmpty": true,
      "_timeout": 2000
    }
  ],
  "meta": {
    "mocha": {
      "version": "7.0.1"
    },
    "mochawesome": {
      "options": {
        "quiet": false,
        "reportFilename": "mochawesome",
        "saveHtml": false,
        "saveJson": true,
        "consoleReporter": "spec",
        "useInlineDiffs": false,
        "code": true
      },
      "version": "6.2.1"
    },
    "marge": {
      "options": {
        "id": "default",
        "reportDir": "cypress/reports/mocha",
        "quite": true,
        "overwrite": false,
        "html": false,
        "json": true
      },
      "version": "5.1.0"
    }
  }
}