{
  "stats": {
    "suites": 1,
    "tests": 3,
    "passes": 3,
    "pending": 0,
    "failures": 0,
    "start": "2020-12-08T11:39:03.159Z",
    "end": "2020-12-08T11:39:03.556Z",
    "duration": 397,
    "testsRegistered": 3,
    "passPercent": 100,
    "pendingPercent": 0,
    "other": 0,
    "hasOther": false,
    "skipped": 0,
    "hasSkipped": false
  },
  "results": [
    {
      "uuid": "285d7f70-faad-45a3-935c-e22f45d5de48",
      "title": "",
      "fullFile": "cypress/integration/api-testing/sectionsPage.spec.js",
      "file": "cypress/integration/api-testing/sectionsPage.spec.js",
      "beforeHooks": [],
      "afterHooks": [],
      "tests": [],
      "suites": [
        {
          "uuid": "477a1cb5-a099-45bc-b143-33c87f474165",
          "title": "OTT API Testing - Sections Page v2",
          "fullFile": "",
          "file": "",
          "beforeHooks": [],
          "afterHooks": [],
          "tests": [
            {
              "title": "main page response code 200",
              "fullTitle": "OTT API Testing - Sections Page v2 main page response code 200",
              "timedOut": null,
              "duration": 241,
              "state": "passed",
              "speed": "slow",
              "pass": true,
              "fail": false,
              "pending": false,
              "context": null,
              "code": "cy.request('/sections').then(function (response) {\n  expect(response).to.have.property('status', 200);\n});",
              "err": {},
              "uuid": "196b57df-72e5-4f81-9897-35605d8a24af",
              "parentUUID": "477a1cb5-a099-45bc-b143-33c87f474165",
              "isHook": false,
              "skipped": false
            },
            {
              "title": " main page response not null",
              "fullTitle": "OTT API Testing - Sections Page v2  main page response not null",
              "timedOut": null,
              "duration": 70,
              "state": "passed",
              "speed": "medium",
              "pass": true,
              "fail": false,
              "pending": false,
              "context": null,
              "code": "cy.request('/sections').then(function (response) {\n  expect(response.body).to.not.be[\"null\"];\n});",
              "err": {},
              "uuid": "cf78afe8-0301-4e6e-810b-283ef1758faa",
              "parentUUID": "477a1cb5-a099-45bc-b143-33c87f474165",
              "isHook": false,
              "skipped": false
            },
            {
              "title": "returns a JSON data",
              "fullTitle": "OTT API Testing - Sections Page v2 returns a JSON data",
              "timedOut": null,
              "duration": 55,
              "state": "passed",
              "speed": "medium",
              "pass": true,
              "fail": false,
              "pending": false,
              "context": null,
              "code": "cy.request('/sections').its('headers').its('content-type').should('include', 'application/json');",
              "err": {},
              "uuid": "2e9a1a42-0a96-44b5-81e0-7da40a7c36e7",
              "parentUUID": "477a1cb5-a099-45bc-b143-33c87f474165",
              "isHook": false,
              "skipped": false
            }
          ],
          "suites": [],
          "passes": [
            "196b57df-72e5-4f81-9897-35605d8a24af",
            "cf78afe8-0301-4e6e-810b-283ef1758faa",
            "2e9a1a42-0a96-44b5-81e0-7da40a7c36e7"
          ],
          "failures": [],
          "pending": [],
          "skipped": [],
          "duration": 366,
          "root": false,
          "rootEmpty": false,
          "_timeout": 2000
        }
      ],
      "passes": [],
      "failures": [],
      "pending": [],
      "skipped": [],
      "duration": 0,
      "root": true,
      "rootEmpty": true,
      "_timeout": 2000
    }
  ],
  "meta": {
    "mocha": {
      "version": "7.0.1"
    },
    "mochawesome": {
      "options": {
        "quiet": false,
        "reportFilename": "mochawesome",
        "saveHtml": false,
        "saveJson": true,
        "consoleReporter": "spec",
        "useInlineDiffs": false,
        "code": true
      },
      "version": "6.2.1"
    },
    "marge": {
      "options": {
        "id": "default",
        "reportDir": "cypress/reports/mocha",
        "quite": true,
        "overwrite": false,
        "html": false,
        "json": true
      },
      "version": "5.1.0"
    }
  }
}