{
  "stats": {
    "suites": 1,
    "tests": 2,
    "passes": 2,
    "pending": 0,
    "failures": 0,
    "start": "2020-12-10T10:32:45.024Z",
    "end": "2020-12-10T10:32:45.401Z",
    "duration": 377,
    "testsRegistered": 2,
    "passPercent": 100,
    "pendingPercent": 0,
    "other": 0,
    "hasOther": false,
    "skipped": 0,
    "hasSkipped": false
  },
  "results": [
    {
      "uuid": "be050b73-fa61-414f-b214-750a6f85a5ea",
      "title": "",
      "fullFile": "cypress/integration/api-testing/compareSectionVersions.spec.js",
      "file": "cypress/integration/api-testing/compareSectionVersions.spec.js",
      "beforeHooks": [],
      "afterHooks": [],
      "tests": [],
      "suites": [
        {
          "uuid": "97822a02-7da6-4aab-a278-3b66cdabb4ba",
          "title": "Validating API response with previous response stored in Json file",
          "fullFile": "",
          "file": "",
          "beforeHooks": [],
          "afterHooks": [],
          "tests": [
            {
              "title": "V1 - Sections page",
              "fullTitle": "Validating API response with previous response stored in Json file V1 - Sections page",
              "timedOut": null,
              "duration": 278,
              "state": "passed",
              "speed": "slow",
              "pass": true,
              "fail": false,
              "pending": false,
              "context": null,
              "code": "cy.request({\n  method: 'GET',\n  url: \"https://www.trade-tariff.service.gov.uk/api/v1/sections/01\"\n}).then(function (response) {\n  expect(response.status).to.eq(200);\n  console.log(response);\n  console.log(data1);\n  expect(response.body).to.deep.equal(data1);\n});",
              "err": {},
              "uuid": "a0589c02-912f-4905-b3b0-f73712c46f95",
              "parentUUID": "97822a02-7da6-4aab-a278-3b66cdabb4ba",
              "isHook": false,
              "skipped": false
            },
            {
              "title": "V2 - Sections page",
              "fullTitle": "Validating API response with previous response stored in Json file V2 - Sections page",
              "timedOut": null,
              "duration": 50,
              "state": "passed",
              "speed": "medium",
              "pass": true,
              "fail": false,
              "pending": false,
              "context": null,
              "code": "cy.request({\n  method: 'GET',\n  url: \"https://www.trade-tariff.service.gov.uk/api/v2/sections/01\"\n}).then(function (response) {\n  expect(response.status).to.eq(200);\n  console.log(response);\n  console.log(data2);\n  expect(response.body).to.deep.equal(data2);\n});",
              "err": {},
              "uuid": "eee365fc-e9c5-45bb-9a1b-e3e0f8a1adbb",
              "parentUUID": "97822a02-7da6-4aab-a278-3b66cdabb4ba",
              "isHook": false,
              "skipped": false
            }
          ],
          "suites": [],
          "passes": [
            "a0589c02-912f-4905-b3b0-f73712c46f95",
            "eee365fc-e9c5-45bb-9a1b-e3e0f8a1adbb"
          ],
          "failures": [],
          "pending": [],
          "skipped": [],
          "duration": 328,
          "root": false,
          "rootEmpty": false,
          "_timeout": 2000
        }
      ],
      "passes": [],
      "failures": [],
      "pending": [],
      "skipped": [],
      "duration": 0,
      "root": true,
      "rootEmpty": true,
      "_timeout": 2000
    }
  ],
  "meta": {
    "mocha": {
      "version": "7.0.1"
    },
    "mochawesome": {
      "options": {
        "quiet": false,
        "reportFilename": "mochawesome",
        "saveHtml": false,
        "saveJson": true,
        "consoleReporter": "spec",
        "useInlineDiffs": false,
        "code": true
      },
      "version": "6.2.1"
    },
    "marge": {
      "options": {
        "id": "default",
        "reportDir": "cypress/reports/mocha",
        "quite": true,
        "overwrite": false,
        "html": false,
        "json": true
      },
      "version": "5.1.0"
    }
  }
}