{
  "stats": {
    "suites": 1,
    "tests": 10,
    "passes": 2,
    "pending": 0,
    "failures": 8,
    "start": "2020-12-08T13:30:13.566Z",
    "end": "2020-12-08T13:30:58.677Z",
    "duration": 45111,
    "testsRegistered": 10,
    "passPercent": 20,
    "pendingPercent": 0,
    "other": 0,
    "hasOther": false,
    "skipped": 0,
    "hasSkipped": false
  },
  "results": [
    {
      "uuid": "ceb47f8d-327b-4c52-9c43-e4310ffae643",
      "title": "",
      "fullFile": "cypress/integration/frontend-testing/e2e002.js",
      "file": "cypress/integration/frontend-testing/e2e002.js",
      "beforeHooks": [],
      "afterHooks": [],
      "tests": [],
      "suites": [
        {
          "uuid": "e1be859f-ec50-45f5-b480-bcccc5cbac27",
          "title": "importing Mozzarella from Chile ",
          "fullFile": "",
          "file": "",
          "beforeHooks": [],
          "afterHooks": [],
          "tests": [
            {
              "title": "Navigate to trade tariff page ",
              "fullTitle": "importing Mozzarella from Chile  Navigate to trade tariff page ",
              "timedOut": null,
              "duration": 3663,
              "state": "passed",
              "speed": "slow",
              "pass": true,
              "fail": false,
              "pending": false,
              "context": null,
              "code": "cy.wait(100);\ncy.visit('https://www.gov.uk/trade-tariff');\ncy.wait(100);\ncy.get('p#get-started > a[role=\\'button\\']').contains('Start now').should('be.visible').click();",
              "err": {},
              "uuid": "cf51ef4d-6712-4fd3-a0d8-b89e28b91278",
              "parentUUID": "e1be859f-ec50-45f5-b480-bcccc5cbac27",
              "isHook": false,
              "skipped": false
            },
            {
              "title": "enter commodity code for Mozzaarella - 0406103010 and search",
              "fullTitle": "importing Mozzarella from Chile  enter commodity code for Mozzaarella - 0406103010 and search",
              "timedOut": null,
              "duration": 2081,
              "state": "passed",
              "speed": "slow",
              "pass": true,
              "fail": false,
              "pending": false,
              "context": null,
              "code": "cy.get('.js-commodity-picker-select.js-show  input#q').click().type('0406103010');\ncy.wait(100);\ncy.get('input[name=\\'new_search\\']').click();",
              "err": {},
              "uuid": "55c8d41e-3e67-435b-8c35-e21261c00c98",
              "parentUUID": "e1be859f-ec50-45f5-b480-bcccc5cbac27",
              "isHook": false,
              "skipped": false
            },
            {
              "title": "Commodity information for 0406103010 is displayed",
              "fullTitle": "importing Mozzarella from Chile  Commodity information for 0406103010 is displayed",
              "timedOut": null,
              "duration": 4682,
              "state": "failed",
              "speed": null,
              "pass": false,
              "fail": true,
              "pending": false,
              "context": null,
              "code": "cy.get('.commodity-header.govuk-heading-l').should('be.visible');",
              "err": {
                "message": "AssertionError: Timed out retrying: Expected to find element: `.commodity-header.govuk-heading-l`, but never found it.",
                "estack": "AssertionError: Timed out retrying: Expected to find element: `.commodity-header.govuk-heading-l`, but never found it.\n    at Context.eval (https://www.gov.uk/__cypress/tests?p=cypress/integration/frontend-testing/e2e002.js:112:49)",
                "diff": null
              },
              "uuid": "d58b9718-12af-42a5-9df9-7b2542fc549b",
              "parentUUID": "e1be859f-ec50-45f5-b480-bcccc5cbac27",
              "isHook": false,
              "skipped": false
            },
            {
              "title": "chapter notes is visible",
              "fullTitle": "importing Mozzarella from Chile  chapter notes is visible",
              "timedOut": null,
              "duration": 4507,
              "state": "failed",
              "speed": null,
              "pass": false,
              "fail": true,
              "pending": false,
              "context": null,
              "code": "cy.get('div:nth-of-type(1) > .govuk-heading-s').should('be.visible');",
              "err": {
                "message": "AssertionError: Timed out retrying: Expected to find element: `div:nth-of-type(1) > .govuk-heading-s`, but never found it.",
                "estack": "AssertionError: Timed out retrying: Expected to find element: `div:nth-of-type(1) > .govuk-heading-s`, but never found it.\n    at Context.eval (https://www.gov.uk/__cypress/tests?p=cypress/integration/frontend-testing/e2e002.js:115:53)",
                "diff": null
              },
              "uuid": "e1eae2e1-7f80-4b72-bc6e-b8e01e027309",
              "parentUUID": "e1be859f-ec50-45f5-b480-bcccc5cbac27",
              "isHook": false,
              "skipped": false
            },
            {
              "title": "select Import button",
              "fullTitle": "importing Mozzarella from Chile  select Import button",
              "timedOut": null,
              "duration": 4955,
              "state": "failed",
              "speed": null,
              "pass": false,
              "fail": true,
              "pending": false,
              "context": null,
              "code": "cy.get('a#tab_import').click();",
              "err": {
                "message": "AssertionError: Timed out retrying: Expected to find element: `a#tab_import`, but never found it.",
                "estack": "AssertionError: Timed out retrying: Expected to find element: `a#tab_import`, but never found it.\n    at Context.eval (https://www.gov.uk/__cypress/tests?p=cypress/integration/frontend-testing/e2e002.js:118:8)",
                "diff": null
              },
              "uuid": "fa7d427d-50f0-4be4-a4ce-0672f240090a",
              "parentUUID": "e1be859f-ec50-45f5-b480-bcccc5cbac27",
              "isHook": false,
              "skipped": false
            },
            {
              "title": "select Chile from All countries list",
              "fullTitle": "importing Mozzarella from Chile  select Chile from All countries list",
              "timedOut": null,
              "duration": 4567,
              "state": "failed",
              "speed": null,
              "pass": false,
              "fail": true,
              "pending": false,
              "context": null,
              "code": "cy.get('input#import_search_country').click().clear().wait(1000).type('Chile').wait(100).type('{enter}');\ncy.wait(200);",
              "err": {
                "message": "AssertionError: Timed out retrying: Expected to find element: `input#import_search_country`, but never found it.",
                "estack": "AssertionError: Timed out retrying: Expected to find element: `input#import_search_country`, but never found it.\n    at Context.eval (https://www.gov.uk/__cypress/tests?p=cypress/integration/frontend-testing/e2e002.js:121:8)",
                "diff": null
              },
              "uuid": "a7c767b5-39c1-4fbd-9a60-4ead80dbcaad",
              "parentUUID": "e1be859f-ec50-45f5-b480-bcccc5cbac27",
              "isHook": false,
              "skipped": false
            },
            {
              "title": "measures for Chile",
              "fullTitle": "importing Mozzarella from Chile  measures for Chile",
              "timedOut": null,
              "duration": 4519,
              "state": "failed",
              "speed": null,
              "pass": false,
              "fail": true,
              "pending": false,
              "context": null,
              "code": "cy.get('.small-table > .govuk-table__caption:nth-of-type(1)').should('be.visible');",
              "err": {
                "message": "AssertionError: Timed out retrying: Expected to find element: `.small-table > .govuk-table__caption:nth-of-type(1)`, but never found it.",
                "estack": "AssertionError: Timed out retrying: Expected to find element: `.small-table > .govuk-table__caption:nth-of-type(1)`, but never found it.\n    at Context.eval (https://www.gov.uk/__cypress/tests?p=cypress/integration/frontend-testing/e2e002.js:125:67)",
                "diff": null
              },
              "uuid": "a6181e38-5de5-4334-8696-68b6e83bdd6e",
              "parentUUID": "e1be859f-ec50-45f5-b480-bcccc5cbac27",
              "isHook": false,
              "skipped": false
            },
            {
              "title": "Third country duty  measure has value 185.20 EUR / 100 kg",
              "fullTitle": "importing Mozzarella from Chile  Third country duty  measure has value 185.20 EUR / 100 kg",
              "timedOut": null,
              "duration": 4643,
              "state": "failed",
              "speed": null,
              "pass": false,
              "fail": true,
              "pending": false,
              "context": null,
              "code": "cy.get('.govuk-table.measures.small-table > tbody > tr:nth-of-type(2) > td:nth-of-type(4)').should('be.visible');",
              "err": {
                "message": "AssertionError: Timed out retrying: Expected to find element: `.govuk-table.measures.small-table > tbody > tr:nth-of-type(2) > td:nth-of-type(4)`, but never found it.",
                "estack": "AssertionError: Timed out retrying: Expected to find element: `.govuk-table.measures.small-table > tbody > tr:nth-of-type(2) > td:nth-of-type(4)`, but never found it.\n    at Context.eval (https://www.gov.uk/__cypress/tests?p=cypress/integration/frontend-testing/e2e002.js:128:97)",
                "diff": null
              },
              "uuid": "37beec1f-8e7b-4d9f-b856-f90bcea8a00e",
              "parentUUID": "e1be859f-ec50-45f5-b480-bcccc5cbac27",
              "isHook": false,
              "skipped": false
            },
            {
              "title": "preferential tariff quota order No:091924 is visible",
              "fullTitle": "importing Mozzarella from Chile  preferential tariff quota order No:091924 is visible",
              "timedOut": null,
              "duration": 5572,
              "state": "failed",
              "speed": null,
              "pass": false,
              "fail": true,
              "pending": false,
              "context": null,
              "code": "cy.get('[href=\\'\\\\#import-3738187-order-number-091924\\']').click();\ncy.get('div#popup article > .govuk-table  h2').should('be.visible');\ncy.get('.close [href]').click();",
              "err": {
                "message": "AssertionError: Timed out retrying: Expected to find element: `[href='\\#import-3738187-order-number-091924']`, but never found it.",
                "estack": "AssertionError: Timed out retrying: Expected to find element: `[href='\\#import-3738187-order-number-091924']`, but never found it.\n    at Context.eval (https://www.gov.uk/__cypress/tests?p=cypress/integration/frontend-testing/e2e002.js:131:8)",
                "diff": null
              },
              "uuid": "07d0951c-9e08-4acb-a28a-daba1e271aca",
              "parentUUID": "e1be859f-ec50-45f5-b480-bcccc5cbac27",
              "isHook": false,
              "skipped": false
            },
            {
              "title": "footnotes is visible",
              "fullTitle": "importing Mozzarella from Chile  footnotes is visible",
              "timedOut": null,
              "duration": 4792,
              "state": "failed",
              "speed": null,
              "pass": false,
              "fail": true,
              "pending": false,
              "context": null,
              "code": "cy.get('[data-module] [role=\\'tabpanel\\']:nth-child(3) .small-table .govuk-table__caption').should('be.visible');",
              "err": {
                "message": "AssertionError: Timed out retrying: Expected to find element: `[data-module] [role='tabpanel']:nth-child(3) .small-table .govuk-table__caption`, but never found it.",
                "estack": "AssertionError: Timed out retrying: Expected to find element: `[data-module] [role='tabpanel']:nth-child(3) .small-table .govuk-table__caption`, but never found it.\n    at Context.eval (https://www.gov.uk/__cypress/tests?p=cypress/integration/frontend-testing/e2e002.js:136:97)",
                "diff": null
              },
              "uuid": "84cd5d0a-1858-42ee-bd7e-845ac60e81ac",
              "parentUUID": "e1be859f-ec50-45f5-b480-bcccc5cbac27",
              "isHook": false,
              "skipped": false
            }
          ],
          "suites": [],
          "passes": [
            "cf51ef4d-6712-4fd3-a0d8-b89e28b91278",
            "55c8d41e-3e67-435b-8c35-e21261c00c98"
          ],
          "failures": [
            "d58b9718-12af-42a5-9df9-7b2542fc549b",
            "e1eae2e1-7f80-4b72-bc6e-b8e01e027309",
            "fa7d427d-50f0-4be4-a4ce-0672f240090a",
            "a7c767b5-39c1-4fbd-9a60-4ead80dbcaad",
            "a6181e38-5de5-4334-8696-68b6e83bdd6e",
            "37beec1f-8e7b-4d9f-b856-f90bcea8a00e",
            "07d0951c-9e08-4acb-a28a-daba1e271aca",
            "84cd5d0a-1858-42ee-bd7e-845ac60e81ac"
          ],
          "pending": [],
          "skipped": [],
          "duration": 43981,
          "root": false,
          "rootEmpty": false,
          "_timeout": 2000
        }
      ],
      "passes": [],
      "failures": [],
      "pending": [],
      "skipped": [],
      "duration": 0,
      "root": true,
      "rootEmpty": true,
      "_timeout": 2000
    }
  ],
  "meta": {
    "mocha": {
      "version": "7.0.1"
    },
    "mochawesome": {
      "options": {
        "quiet": false,
        "reportFilename": "mochawesome",
        "saveHtml": false,
        "saveJson": true,
        "consoleReporter": "spec",
        "useInlineDiffs": false,
        "code": true
      },
      "version": "6.2.1"
    },
    "marge": {
      "options": {
        "id": "default",
        "reportDir": "cypress/reports/mocha",
        "quite": true,
        "overwrite": false,
        "html": false,
        "json": true
      },
      "version": "5.1.0"
    }
  }
}