{
  "stats": {
    "suites": 1,
    "tests": 1,
    "passes": 0,
    "pending": 0,
    "failures": 1,
    "start": "2020-12-09T09:27:47.693Z",
    "end": "2020-12-09T09:27:48.298Z",
    "duration": 605,
    "testsRegistered": 1,
    "passPercent": 0,
    "pendingPercent": 0,
    "other": 0,
    "hasOther": false,
    "skipped": 0,
    "hasSkipped": false
  },
  "results": [
    {
      "uuid": "f13f2008-e10a-4885-99d9-44f752303b18",
      "title": "",
      "fullFile": "cypress/integration/api-testing/compareSections.js",
      "file": "cypress/integration/api-testing/compareSections.js",
      "beforeHooks": [],
      "afterHooks": [],
      "tests": [],
      "suites": [
        {
          "uuid": "5f79fd03-93f7-4a01-8667-969da51d889e",
          "title": "Session: Fetch a Session, given the ID.",
          "fullFile": "",
          "file": "",
          "beforeHooks": [],
          "afterHooks": [],
          "tests": [
            {
              "title": "Get sessions by ID - 200",
              "fullTitle": "Session: Fetch a Session, given the ID. Get sessions by ID - 200",
              "timedOut": null,
              "duration": 539,
              "state": "failed",
              "speed": null,
              "pass": false,
              "fail": true,
              "pending": false,
              "context": null,
              "code": "cy.request({\n  method: 'GET',\n  url: \"https://www.trade-tariff.service.gov.uk/api/v2/sections\"\n}).then(function (response) {\n  expect(response.status).to.eq(200);\n  expect(response.body.data[0]).to.deep.equal({\n    id: '1',\n    type: 'section',\n    attributes: {\n      id: 1,\n      numeral: 'I',\n      title: 'Live animals; animal products',\n      position: 1,\n      chapter_from: '01',\n      chapter_to: '05'\n    }\n  });\n  console.log(response);\n  console.log(data);\n  expect(response.body).to.deep.equal(data);\n});",
              "err": {
                "message": "AssertionError: expected { Object (data) } to deeply equal { Object (data) }",
                "estack": "AssertionError: expected { Object (data) } to deeply equal { Object (data) }\n    at Context.eval (https://www.gov.uk/__cypress/tests?p=cypress/integration/api-testing/compareSections.js:133:37)",
                "diff": ""
              },
              "uuid": "50554f38-91dc-4abd-8dba-dae483e166ec",
              "parentUUID": "5f79fd03-93f7-4a01-8667-969da51d889e",
              "isHook": false,
              "skipped": false
            }
          ],
          "suites": [],
          "passes": [],
          "failures": [
            "50554f38-91dc-4abd-8dba-dae483e166ec"
          ],
          "pending": [],
          "skipped": [],
          "duration": 539,
          "root": false,
          "rootEmpty": false,
          "_timeout": 2000
        }
      ],
      "passes": [],
      "failures": [],
      "pending": [],
      "skipped": [],
      "duration": 0,
      "root": true,
      "rootEmpty": true,
      "_timeout": 2000
    }
  ],
  "meta": {
    "mocha": {
      "version": "7.0.1"
    },
    "mochawesome": {
      "options": {
        "quiet": false,
        "reportFilename": "mochawesome",
        "saveHtml": false,
        "saveJson": true,
        "consoleReporter": "spec",
        "useInlineDiffs": false,
        "code": true
      },
      "version": "6.2.1"
    },
    "marge": {
      "options": {
        "id": "default",
        "reportDir": "cypress/reports/mocha",
        "quite": true,
        "overwrite": false,
        "html": false,
        "json": true
      },
      "version": "5.1.0"
    }
  }
}