{
  "stats": {
    "suites": 1,
    "tests": 3,
    "passes": 3,
    "pending": 0,
    "failures": 0,
    "start": "2020-12-08T11:41:29.781Z",
    "end": "2020-12-08T11:41:30.592Z",
    "duration": 811,
    "testsRegistered": 3,
    "passPercent": 100,
    "pendingPercent": 0,
    "other": 0,
    "hasOther": false,
    "skipped": 0,
    "hasSkipped": false
  },
  "results": [
    {
      "uuid": "51deaeea-a6c8-4684-a5eb-f0b942a7f99b",
      "title": "",
      "fullFile": "cypress/integration/api-testing/sectionsPage.spec.js",
      "file": "cypress/integration/api-testing/sectionsPage.spec.js",
      "beforeHooks": [],
      "afterHooks": [],
      "tests": [],
      "suites": [
        {
          "uuid": "1323d9ee-8930-4d31-825d-83afb5bd1e74",
          "title": "OTT API Testing - Sections Page v2",
          "fullFile": "",
          "file": "",
          "beforeHooks": [],
          "afterHooks": [],
          "tests": [
            {
              "title": "sections page - response code 200",
              "fullTitle": "OTT API Testing - Sections Page v2 sections page - response code 200",
              "timedOut": null,
              "duration": 559,
              "state": "passed",
              "speed": "slow",
              "pass": true,
              "fail": false,
              "pending": false,
              "context": null,
              "code": "cy.request('/sections').then(function (response) {\n  expect(response).to.have.property('status', 200);\n});",
              "err": {},
              "uuid": "421534ef-d2f4-4aed-8e11-f18b04df00c9",
              "parentUUID": "1323d9ee-8930-4d31-825d-83afb5bd1e74",
              "isHook": false,
              "skipped": false
            },
            {
              "title": " sections page - response not null",
              "fullTitle": "OTT API Testing - Sections Page v2  sections page - response not null",
              "timedOut": null,
              "duration": 105,
              "state": "passed",
              "speed": "slow",
              "pass": true,
              "fail": false,
              "pending": false,
              "context": null,
              "code": "cy.request('/sections').then(function (response) {\n  expect(response.body).to.not.be[\"null\"];\n});",
              "err": {},
              "uuid": "add7a772-066e-4f31-b401-a03bdeb4d805",
              "parentUUID": "1323d9ee-8930-4d31-825d-83afb5bd1e74",
              "isHook": false,
              "skipped": false
            },
            {
              "title": "sections page - returns JSON data",
              "fullTitle": "OTT API Testing - Sections Page v2 sections page - returns JSON data",
              "timedOut": null,
              "duration": 105,
              "state": "passed",
              "speed": "slow",
              "pass": true,
              "fail": false,
              "pending": false,
              "context": null,
              "code": "cy.request('/sections').its('headers').its('content-type').should('include', 'application/json');",
              "err": {},
              "uuid": "893c45e5-dfe6-49c0-9a94-03596555f60a",
              "parentUUID": "1323d9ee-8930-4d31-825d-83afb5bd1e74",
              "isHook": false,
              "skipped": false
            }
          ],
          "suites": [],
          "passes": [
            "421534ef-d2f4-4aed-8e11-f18b04df00c9",
            "add7a772-066e-4f31-b401-a03bdeb4d805",
            "893c45e5-dfe6-49c0-9a94-03596555f60a"
          ],
          "failures": [],
          "pending": [],
          "skipped": [],
          "duration": 769,
          "root": false,
          "rootEmpty": false,
          "_timeout": 2000
        }
      ],
      "passes": [],
      "failures": [],
      "pending": [],
      "skipped": [],
      "duration": 0,
      "root": true,
      "rootEmpty": true,
      "_timeout": 2000
    }
  ],
  "meta": {
    "mocha": {
      "version": "7.0.1"
    },
    "mochawesome": {
      "options": {
        "quiet": false,
        "reportFilename": "mochawesome",
        "saveHtml": false,
        "saveJson": true,
        "consoleReporter": "spec",
        "useInlineDiffs": false,
        "code": true
      },
      "version": "6.2.1"
    },
    "marge": {
      "options": {
        "id": "default",
        "reportDir": "cypress/reports/mocha",
        "quite": true,
        "overwrite": false,
        "html": false,
        "json": true
      },
      "version": "5.1.0"
    }
  }
}