{
  "stats": {
    "suites": 1,
    "tests": 10,
    "passes": 10,
    "pending": 0,
    "failures": 0,
    "start": "2020-12-08T10:02:18.920Z",
    "end": "2020-12-08T10:02:35.190Z",
    "duration": 16270,
    "testsRegistered": 10,
    "passPercent": 100,
    "pendingPercent": 0,
    "other": 0,
    "hasOther": false,
    "skipped": 0,
    "hasSkipped": false
  },
  "results": [
    {
      "uuid": "5e468edb-9f7a-468c-912b-9d325f349d25",
      "title": "",
      "fullFile": "cypress/integration/frontend-testing/e2e002.js",
      "file": "cypress/integration/frontend-testing/e2e002.js",
      "beforeHooks": [],
      "afterHooks": [],
      "tests": [],
      "suites": [
        {
          "uuid": "d2f85492-b40b-4e84-ac65-4e460903d231",
          "title": "importing Mozzarella from Chile ",
          "fullFile": "",
          "file": "",
          "beforeHooks": [],
          "afterHooks": [],
          "tests": [
            {
              "title": "Navigate to trade tariff page ",
              "fullTitle": "importing Mozzarella from Chile  Navigate to trade tariff page ",
              "timedOut": null,
              "duration": 5987,
              "state": "passed",
              "speed": "slow",
              "pass": true,
              "fail": false,
              "pending": false,
              "context": null,
              "code": "cy.wait(1000);\ncy.visit('https://www.gov.uk/trade-tariff');\ncy.wait(1000);\ncy.get('p#get-started > a[role=\\'button\\']').contains('Start now').should('be.visible').click();",
              "err": {},
              "uuid": "4da6d703-f36a-4a49-acd2-8c7e85687fd3",
              "parentUUID": "d2f85492-b40b-4e84-ac65-4e460903d231",
              "isHook": false,
              "skipped": false
            },
            {
              "title": "enter commodity code for Mozzaarella - 0406103010 and search",
              "fullTitle": "importing Mozzarella from Chile  enter commodity code for Mozzaarella - 0406103010 and search",
              "timedOut": null,
              "duration": 3518,
              "state": "passed",
              "speed": "slow",
              "pass": true,
              "fail": false,
              "pending": false,
              "context": null,
              "code": "cy.get('.js-commodity-picker-select.js-show  input#q').click().type('0406103010');\ncy.wait(1000);\ncy.get('input[name=\\'new_search\\']').click();",
              "err": {},
              "uuid": "0d4d57f7-50f3-4bfc-9402-8bd0f99115a1",
              "parentUUID": "d2f85492-b40b-4e84-ac65-4e460903d231",
              "isHook": false,
              "skipped": false
            },
            {
              "title": "Commodity information for 0406103010 is displayed",
              "fullTitle": "importing Mozzarella from Chile  Commodity information for 0406103010 is displayed",
              "timedOut": null,
              "duration": 46,
              "state": "passed",
              "speed": "medium",
              "pass": true,
              "fail": false,
              "pending": false,
              "context": null,
              "code": "cy.get('.commodity-header.govuk-heading-l').should('be.visible');",
              "err": {},
              "uuid": "17b8c42d-7e71-404d-9905-e268292d5a7e",
              "parentUUID": "d2f85492-b40b-4e84-ac65-4e460903d231",
              "isHook": false,
              "skipped": false
            },
            {
              "title": "chapter notes is visible",
              "fullTitle": "importing Mozzarella from Chile  chapter notes is visible",
              "timedOut": null,
              "duration": 143,
              "state": "passed",
              "speed": "slow",
              "pass": true,
              "fail": false,
              "pending": false,
              "context": null,
              "code": "cy.get('div:nth-of-type(1) > .govuk-heading-s').should('be.visible');",
              "err": {},
              "uuid": "f7beba93-d753-4bc8-a946-5e76fc4e4548",
              "parentUUID": "d2f85492-b40b-4e84-ac65-4e460903d231",
              "isHook": false,
              "skipped": false
            },
            {
              "title": "select Import button",
              "fullTitle": "importing Mozzarella from Chile  select Import button",
              "timedOut": null,
              "duration": 193,
              "state": "passed",
              "speed": "slow",
              "pass": true,
              "fail": false,
              "pending": false,
              "context": null,
              "code": "cy.get('a#tab_import').click();",
              "err": {},
              "uuid": "342a04fd-e406-402a-bc86-17ec5594d035",
              "parentUUID": "d2f85492-b40b-4e84-ac65-4e460903d231",
              "isHook": false,
              "skipped": false
            },
            {
              "title": "select Chile from All countries list",
              "fullTitle": "importing Mozzarella from Chile  select Chile from All countries list",
              "timedOut": null,
              "duration": 5374,
              "state": "passed",
              "speed": "slow",
              "pass": true,
              "fail": false,
              "pending": false,
              "context": null,
              "code": "cy.get('input#import_search_country').click().clear().wait(1000).type('Chile').wait(1000).type('{enter}');\ncy.wait(2000);",
              "err": {},
              "uuid": "cdce540d-4000-47c0-92a7-d99c6b2a4ff7",
              "parentUUID": "d2f85492-b40b-4e84-ac65-4e460903d231",
              "isHook": false,
              "skipped": false
            },
            {
              "title": "measures for Chile",
              "fullTitle": "importing Mozzarella from Chile  measures for Chile",
              "timedOut": null,
              "duration": 91,
              "state": "passed",
              "speed": "slow",
              "pass": true,
              "fail": false,
              "pending": false,
              "context": null,
              "code": "cy.get('.small-table > .govuk-table__caption:nth-of-type(1)').should('be.visible');",
              "err": {},
              "uuid": "7a571ff3-8a1d-44f5-9cc4-135281357a05",
              "parentUUID": "d2f85492-b40b-4e84-ac65-4e460903d231",
              "isHook": false,
              "skipped": false
            },
            {
              "title": "Third country duty  measure has value 185.20 EUR / 100 kg",
              "fullTitle": "importing Mozzarella from Chile  Third country duty  measure has value 185.20 EUR / 100 kg",
              "timedOut": null,
              "duration": 117,
              "state": "passed",
              "speed": "slow",
              "pass": true,
              "fail": false,
              "pending": false,
              "context": null,
              "code": "cy.get('.govuk-table.measures.small-table > tbody > tr:nth-of-type(2) > td:nth-of-type(4)').should('be.visible');",
              "err": {},
              "uuid": "c355151b-1ffe-4fab-b9b7-b914a1498206",
              "parentUUID": "d2f85492-b40b-4e84-ac65-4e460903d231",
              "isHook": false,
              "skipped": false
            },
            {
              "title": "preferential tariff quota order No:091924 is visible",
              "fullTitle": "importing Mozzarella from Chile  preferential tariff quota order No:091924 is visible",
              "timedOut": null,
              "duration": 334,
              "state": "passed",
              "speed": "slow",
              "pass": true,
              "fail": false,
              "pending": false,
              "context": null,
              "code": "cy.get('[href=\\'\\\\#import-3738187-order-number-091924\\']').click();\ncy.get('div#popup article > .govuk-table  h2').should('be.visible');\ncy.get('.close [href]').click();",
              "err": {},
              "uuid": "4fdb41a5-4c52-493b-8c09-a1a7c77fbb66",
              "parentUUID": "d2f85492-b40b-4e84-ac65-4e460903d231",
              "isHook": false,
              "skipped": false
            },
            {
              "title": "footnotes is visible",
              "fullTitle": "importing Mozzarella from Chile  footnotes is visible",
              "timedOut": null,
              "duration": 121,
              "state": "passed",
              "speed": "slow",
              "pass": true,
              "fail": false,
              "pending": false,
              "context": null,
              "code": "cy.get('[data-module] [role=\\'tabpanel\\']:nth-child(3) .small-table .govuk-table__caption').should('be.visible');",
              "err": {},
              "uuid": "210437f6-8b8a-4956-9abe-daa7312809d3",
              "parentUUID": "d2f85492-b40b-4e84-ac65-4e460903d231",
              "isHook": false,
              "skipped": false
            }
          ],
          "suites": [],
          "passes": [
            "4da6d703-f36a-4a49-acd2-8c7e85687fd3",
            "0d4d57f7-50f3-4bfc-9402-8bd0f99115a1",
            "17b8c42d-7e71-404d-9905-e268292d5a7e",
            "f7beba93-d753-4bc8-a946-5e76fc4e4548",
            "342a04fd-e406-402a-bc86-17ec5594d035",
            "cdce540d-4000-47c0-92a7-d99c6b2a4ff7",
            "7a571ff3-8a1d-44f5-9cc4-135281357a05",
            "c355151b-1ffe-4fab-b9b7-b914a1498206",
            "4fdb41a5-4c52-493b-8c09-a1a7c77fbb66",
            "210437f6-8b8a-4956-9abe-daa7312809d3"
          ],
          "failures": [],
          "pending": [],
          "skipped": [],
          "duration": 15924,
          "root": false,
          "rootEmpty": false,
          "_timeout": 2000
        }
      ],
      "passes": [],
      "failures": [],
      "pending": [],
      "skipped": [],
      "duration": 0,
      "root": true,
      "rootEmpty": true,
      "_timeout": 2000
    }
  ],
  "meta": {
    "mocha": {
      "version": "7.0.1"
    },
    "mochawesome": {
      "options": {
        "quiet": false,
        "reportFilename": "mochawesome",
        "saveHtml": false,
        "saveJson": true,
        "consoleReporter": "spec",
        "useInlineDiffs": false,
        "code": true
      },
      "version": "6.2.1"
    },
    "marge": {
      "options": {
        "id": "default",
        "reportDir": "cypress/reports/mocha",
        "quite": true,
        "overwrite": false,
        "html": false,
        "json": true
      },
      "version": "5.1.0"
    }
  }
}