{
  "stats": {
    "suites": 1,
    "tests": 7,
    "passes": 6,
    "pending": 0,
    "failures": 1,
    "start": "2020-12-07T23:57:38.040Z",
    "end": "2020-12-07T23:57:57.963Z",
    "duration": 19923,
    "testsRegistered": 7,
    "passPercent": 85.71428571428571,
    "pendingPercent": 0,
    "other": 0,
    "hasOther": false,
    "skipped": 0,
    "hasSkipped": false
  },
  "results": [
    {
      "uuid": "d9993215-9333-471d-8487-b9037f0d7f3b",
      "title": "",
      "fullFile": "cypress/integration/frontend-testing/e2e002.js",
      "file": "cypress/integration/frontend-testing/e2e002.js",
      "beforeHooks": [],
      "afterHooks": [],
      "tests": [],
      "suites": [
        {
          "uuid": "c66dc9c6-0baa-40a5-91eb-a58e8f774027",
          "title": "importing Mozzarella from Chile ",
          "fullFile": "",
          "file": "",
          "beforeHooks": [],
          "afterHooks": [],
          "tests": [
            {
              "title": "Navigate to trade tariff page ",
              "fullTitle": "importing Mozzarella from Chile  Navigate to trade tariff page ",
              "timedOut": null,
              "duration": 4584,
              "state": "passed",
              "speed": "slow",
              "pass": true,
              "fail": false,
              "pending": false,
              "context": null,
              "code": "cy.visit('https://www.gov.uk/trade-tariff');\ncy.wait(1000);\ncy.get('p#get-started > a[role=\\'button\\']').contains('Start now').should('be.visible').click();",
              "err": {},
              "uuid": "c25f18c4-335c-41d4-8262-084d3eed7be5",
              "parentUUID": "c66dc9c6-0baa-40a5-91eb-a58e8f774027",
              "isHook": false,
              "skipped": false
            },
            {
              "title": "enter commodity code for Mozzaarella - 0406103010 and search",
              "fullTitle": "importing Mozzarella from Chile  enter commodity code for Mozzaarella - 0406103010 and search",
              "timedOut": null,
              "duration": 4691,
              "state": "passed",
              "speed": "slow",
              "pass": true,
              "fail": false,
              "pending": false,
              "context": null,
              "code": "cy.get('.js-commodity-picker-select.js-show  input#q').click().type('1704903000');\ncy.wait(3000);\ncy.get('input[name=\\'new_search\\']').click();",
              "err": {},
              "uuid": "52fb9a9f-a863-4a1a-9bd7-a16aac0d7694",
              "parentUUID": "c66dc9c6-0baa-40a5-91eb-a58e8f774027",
              "isHook": false,
              "skipped": false
            },
            {
              "title": "Commodity information for 0406103010",
              "fullTitle": "importing Mozzarella from Chile  Commodity information for 0406103010",
              "timedOut": null,
              "duration": 4486,
              "state": "failed",
              "speed": null,
              "pass": false,
              "fail": true,
              "pending": false,
              "context": null,
              "code": "cy.contains('Commodity information for 0406103010').should('be.visible');",
              "err": {
                "message": "AssertionError: Timed out retrying: Expected to find content: 'Commodity information for 0406103010' but never did.",
                "estack": "AssertionError: Timed out retrying: Expected to find content: 'Commodity information for 0406103010' but never did.\n    at Context.eval (https://www.gov.uk/__cypress/tests?p=cypress/integration/frontend-testing/e2e002.js:111:57)",
                "diff": null
              },
              "uuid": "c5265c82-15e5-4ecc-9e59-dec10ded7d13",
              "parentUUID": "c66dc9c6-0baa-40a5-91eb-a58e8f774027",
              "isHook": false,
              "skipped": false
            },
            {
              "title": "select Import button",
              "fullTitle": "importing Mozzarella from Chile  select Import button",
              "timedOut": null,
              "duration": 164,
              "state": "passed",
              "speed": "slow",
              "pass": true,
              "fail": false,
              "pending": false,
              "context": null,
              "code": "cy.get('a#tab_import').click();",
              "err": {},
              "uuid": "28dcb77c-1a72-460a-8c08-7ee3c5105dc7",
              "parentUUID": "c66dc9c6-0baa-40a5-91eb-a58e8f774027",
              "isHook": false,
              "skipped": false
            },
            {
              "title": "footnotes is visible",
              "fullTitle": "importing Mozzarella from Chile  footnotes is visible",
              "timedOut": null,
              "duration": 181,
              "state": "passed",
              "speed": "slow",
              "pass": true,
              "fail": false,
              "pending": false,
              "context": null,
              "code": "cy.get('[data-module] [role=\\'tabpanel\\']:nth-child(3) .small-table .govuk-table__caption').should('be.visible');",
              "err": {},
              "uuid": "8aa32efd-ae4f-4d0a-b301-1c2037491965",
              "parentUUID": "c66dc9c6-0baa-40a5-91eb-a58e8f774027",
              "isHook": false,
              "skipped": false
            },
            {
              "title": "forum Section is visible",
              "fullTitle": "importing Mozzarella from Chile  forum Section is visible",
              "timedOut": null,
              "duration": 57,
              "state": "passed",
              "speed": "medium",
              "pass": true,
              "fail": false,
              "pending": false,
              "context": null,
              "code": "cy.get('li:nth-of-type(9) > .govuk-header__link').should('be.visible');",
              "err": {},
              "uuid": "aacf705c-0aa6-4614-907e-265d2b78a739",
              "parentUUID": "c66dc9c6-0baa-40a5-91eb-a58e8f774027",
              "isHook": false,
              "skipped": false
            },
            {
              "title": "select Chile from All countries list",
              "fullTitle": "importing Mozzarella from Chile  select Chile from All countries list",
              "timedOut": null,
              "duration": 5742,
              "state": "passed",
              "speed": "slow",
              "pass": true,
              "fail": false,
              "pending": false,
              "context": null,
              "code": "cy.get('input#import_search_country').click().clear().wait(1000).type('Chile').wait(1000).type('{enter}');\ncy.wait(2000);",
              "err": {},
              "uuid": "de6f6287-ba88-4e92-adc4-953581d15ec4",
              "parentUUID": "c66dc9c6-0baa-40a5-91eb-a58e8f774027",
              "isHook": false,
              "skipped": false
            }
          ],
          "suites": [],
          "passes": [
            "c25f18c4-335c-41d4-8262-084d3eed7be5",
            "52fb9a9f-a863-4a1a-9bd7-a16aac0d7694",
            "28dcb77c-1a72-460a-8c08-7ee3c5105dc7",
            "8aa32efd-ae4f-4d0a-b301-1c2037491965",
            "aacf705c-0aa6-4614-907e-265d2b78a739",
            "de6f6287-ba88-4e92-adc4-953581d15ec4"
          ],
          "failures": [
            "c5265c82-15e5-4ecc-9e59-dec10ded7d13"
          ],
          "pending": [],
          "skipped": [],
          "duration": 19905,
          "root": false,
          "rootEmpty": false,
          "_timeout": 2000
        }
      ],
      "passes": [],
      "failures": [],
      "pending": [],
      "skipped": [],
      "duration": 0,
      "root": true,
      "rootEmpty": true,
      "_timeout": 2000
    }
  ],
  "meta": {
    "mocha": {
      "version": "7.0.1"
    },
    "mochawesome": {
      "options": {
        "quiet": false,
        "reportFilename": "mochawesome",
        "saveHtml": false,
        "saveJson": true,
        "consoleReporter": "spec",
        "useInlineDiffs": false,
        "code": true
      },
      "version": "6.2.1"
    },
    "marge": {
      "options": {
        "id": "default",
        "reportDir": "cypress/reports/mocha",
        "quite": true,
        "overwrite": false,
        "html": false,
        "json": true
      },
      "version": "5.1.0"
    }
  }
}