{
  "stats": {
    "suites": 1,
    "tests": 2,
    "passes": 2,
    "pending": 0,
    "failures": 0,
    "start": "2020-12-07T23:42:15.329Z",
    "end": "2020-12-07T23:42:22.968Z",
    "duration": 7639,
    "testsRegistered": 2,
    "passPercent": 100,
    "pendingPercent": 0,
    "other": 0,
    "hasOther": false,
    "skipped": 0,
    "hasSkipped": false
  },
  "results": [
    {
      "uuid": "d3ab9680-9da4-49e9-9d8a-a6e269b26f4d",
      "title": "",
      "fullFile": "cypress/integration/frontend-testing/e2e002.js",
      "file": "cypress/integration/frontend-testing/e2e002.js",
      "beforeHooks": [],
      "afterHooks": [],
      "tests": [],
      "suites": [
        {
          "uuid": "8b695dd7-ecc9-4b74-af17-0fdc9e2df76f",
          "title": "Mozzarella ,Chile ",
          "fullFile": "",
          "file": "",
          "beforeHooks": [],
          "afterHooks": [],
          "tests": [
            {
              "title": "Navigate to trade tariff page ",
              "fullTitle": "Mozzarella ,Chile  Navigate to trade tariff page ",
              "timedOut": null,
              "duration": 3156,
              "state": "passed",
              "speed": "slow",
              "pass": true,
              "fail": false,
              "pending": false,
              "context": null,
              "code": "cy.visit('https://www.gov.uk/trade-tariff');\ncy.wait(1000);\ncy.get('p#get-started > a[role=\\'button\\']').contains('Start now').should('be.visible').click();",
              "err": {},
              "uuid": "db73fa89-79d9-41aa-8fe9-ddbceb6670bf",
              "parentUUID": "8b695dd7-ecc9-4b74-af17-0fdc9e2df76f",
              "isHook": false,
              "skipped": false
            },
            {
              "title": "enter commodity code for Mozzaarella - 0406103010 and search",
              "fullTitle": "Mozzarella ,Chile  enter commodity code for Mozzaarella - 0406103010 and search",
              "timedOut": null,
              "duration": 4401,
              "state": "passed",
              "speed": "slow",
              "pass": true,
              "fail": false,
              "pending": false,
              "context": null,
              "code": "cy.get('.js-commodity-picker-select.js-show  input#q').click().type('1704903000');\ncy.wait(3000);\ncy.get('input[name=\\'new_search\\']').click();",
              "err": {},
              "uuid": "5e65fa4a-eafb-43fb-9301-ec617e4d527b",
              "parentUUID": "8b695dd7-ecc9-4b74-af17-0fdc9e2df76f",
              "isHook": false,
              "skipped": false
            }
          ],
          "suites": [],
          "passes": [
            "db73fa89-79d9-41aa-8fe9-ddbceb6670bf",
            "5e65fa4a-eafb-43fb-9301-ec617e4d527b"
          ],
          "failures": [],
          "pending": [],
          "skipped": [],
          "duration": 7557,
          "root": false,
          "rootEmpty": false,
          "_timeout": 2000
        }
      ],
      "passes": [],
      "failures": [],
      "pending": [],
      "skipped": [],
      "duration": 0,
      "root": true,
      "rootEmpty": true,
      "_timeout": 2000
    }
  ],
  "meta": {
    "mocha": {
      "version": "7.0.1"
    },
    "mochawesome": {
      "options": {
        "quiet": false,
        "reportFilename": "mochawesome",
        "saveHtml": false,
        "saveJson": true,
        "consoleReporter": "spec",
        "useInlineDiffs": false,
        "code": true
      },
      "version": "6.2.1"
    },
    "marge": {
      "options": {
        "id": "default",
        "reportDir": "cypress/reports/mocha",
        "quite": true,
        "overwrite": false,
        "html": false,
        "json": true
      },
      "version": "5.1.0"
    }
  }
}