{
  "stats": {
    "suites": 1,
    "tests": 8,
    "passes": 8,
    "pending": 0,
    "failures": 0,
    "start": "2020-12-10T10:25:00.619Z",
    "end": "2020-12-10T10:25:18.591Z",
    "duration": 17972,
    "testsRegistered": 8,
    "passPercent": 100,
    "pendingPercent": 0,
    "other": 0,
    "hasOther": false,
    "skipped": 0,
    "hasSkipped": false
  },
  "results": [
    {
      "uuid": "31df41d6-a4b1-456a-9f1d-d924d0ffe18f",
      "title": "",
      "fullFile": "cypress/integration/frontend-testing/e2e001.js",
      "file": "cypress/integration/frontend-testing/e2e001.js",
      "beforeHooks": [],
      "afterHooks": [],
      "tests": [],
      "suites": [
        {
          "uuid": "8e264bf9-684c-406e-90c7-f2a86048e797",
          "title": "end to end test ",
          "fullFile": "",
          "file": "",
          "beforeHooks": [],
          "afterHooks": [],
          "tests": [
            {
              "title": "1.main page ",
              "fullTitle": "end to end test  1.main page ",
              "timedOut": null,
              "duration": 3653,
              "state": "passed",
              "speed": "slow",
              "pass": true,
              "fail": false,
              "pending": false,
              "context": null,
              "code": "cy.visit('https://www.gov.uk/trade-tariff');\ncy.wait(1000);\ncy.get('p#get-started > a[role=\\'button\\']').contains('Start now').should('be.visible').click();",
              "err": {},
              "uuid": "8784196f-988b-42e4-bf6e-b06687fa6dc6",
              "parentUUID": "8e264bf9-684c-406e-90c7-f2a86048e797",
              "isHook": false,
              "skipped": false
            },
            {
              "title": "2.sections page details displayed",
              "fullTitle": "end to end test  2.sections page details displayed",
              "timedOut": null,
              "duration": 2897,
              "state": "passed",
              "speed": "slow",
              "pass": true,
              "fail": false,
              "pending": false,
              "context": null,
              "code": "cy.url().should('include', 'sections', {\n  timeout: 5000\n});\ncy.contains('All sections');\ncy.wait(1000);\ncy.get('tr:nth-of-type(1) > .govuk-table__cell.title > a').contains(' Live animals; animal products').click();\ncy.contains(' Live animals; animal products');",
              "err": {},
              "uuid": "72d45c1d-ee5a-41fd-a315-f961618c787c",
              "parentUUID": "8e264bf9-684c-406e-90c7-f2a86048e797",
              "isHook": false,
              "skipped": false
            },
            {
              "title": "3.chapters page is displayed",
              "fullTitle": "end to end test  3.chapters page is displayed",
              "timedOut": null,
              "duration": 2519,
              "state": "passed",
              "speed": "slow",
              "pass": true,
              "fail": false,
              "pending": false,
              "context": null,
              "code": "cy.contains('Section I: Live animals; animal products');\ncy.wait(1000);\ncy.get('tr:nth-of-type(1) > td:nth-of-type(2) > a').contains(' Live animals').click();\ncy.contains('Choose the heading that best matches your goods');",
              "err": {},
              "uuid": "dcd88105-b290-442d-ac6d-dc7c832a359d",
              "parentUUID": "8e264bf9-684c-406e-90c7-f2a86048e797",
              "isHook": false,
              "skipped": false
            },
            {
              "title": "4.headings page displayed",
              "fullTitle": "end to end test  4.headings page displayed",
              "timedOut": null,
              "duration": 2370,
              "state": "passed",
              "speed": "slow",
              "pass": true,
              "fail": false,
              "pending": false,
              "context": null,
              "code": "cy.contains('Live horses, asses, mules and hinnies');\ncy.wait(1000);\ncy.get('tr:nth-of-type(1) > td:nth-of-type(2) > a').contains('Live horses, asses, mules and hinnies').click();\ncy.contains('Choose the commodity code below that best matches your goods to see more information');",
              "err": {},
              "uuid": "3401a177-ac0e-42b5-bdc3-2862afd42224",
              "parentUUID": "8e264bf9-684c-406e-90c7-f2a86048e797",
              "isHook": false,
              "skipped": false
            },
            {
              "title": "5.commodity code selection ",
              "fullTitle": "end to end test  5.commodity code selection ",
              "timedOut": null,
              "duration": 5235,
              "state": "passed",
              "speed": "slow",
              "pass": true,
              "fail": false,
              "pending": false,
              "context": null,
              "code": "cy.contains('Horses').click();\ncy.wait(1000);\ncy.contains('Pure-bred breeding animals').click();\ncy.contains('Commodity information for 0101210000').should('be.visible');\ncy.contains('Overview').should('be.visible');\ncy.contains('Import').should('be.visible');\ncy.contains('Export').should('be.visible');\ncy.wait(1000);\ncy.get('a#tab_import').contains('Import').click();",
              "err": {},
              "uuid": "f9698593-22f9-463a-abd5-7e7c889dbed9",
              "parentUUID": "8e264bf9-684c-406e-90c7-f2a86048e797",
              "isHook": false,
              "skipped": false
            },
            {
              "title": "6.imports tab is visible",
              "fullTitle": "end to end test  6.imports tab is visible",
              "timedOut": null,
              "duration": 236,
              "state": "passed",
              "speed": "slow",
              "pass": true,
              "fail": false,
              "pending": false,
              "context": null,
              "code": "cy.contains('Trade between the UK and').should('be.visible');",
              "err": {},
              "uuid": "b8a36afb-0535-4b3f-805b-daf8f15659f9",
              "parentUUID": "8e264bf9-684c-406e-90c7-f2a86048e797",
              "isHook": false,
              "skipped": false
            },
            {
              "title": "7.footnotes is visible",
              "fullTitle": "end to end test  7.footnotes is visible",
              "timedOut": null,
              "duration": 65,
              "state": "passed",
              "speed": "medium",
              "pass": true,
              "fail": false,
              "pending": false,
              "context": null,
              "code": "cy.get('[data-module] [role=\\'tabpanel\\']:nth-child(3) .small-table .govuk-table__caption').should('be.visible'); // cy.contains('Footnotes').should('be.visible')",
              "err": {},
              "uuid": "9586284a-c4b6-43b8-93b4-d1554ae322ac",
              "parentUUID": "8e264bf9-684c-406e-90c7-f2a86048e797",
              "isHook": false,
              "skipped": false
            },
            {
              "title": "8.forum Section is visible",
              "fullTitle": "end to end test  8.forum Section is visible",
              "timedOut": null,
              "duration": 48,
              "state": "passed",
              "speed": "medium",
              "pass": true,
              "fail": false,
              "pending": false,
              "context": null,
              "code": "cy.get('li:nth-of-type(9) > .govuk-header__link').should('be.visible');",
              "err": {},
              "uuid": "f3d45e2c-e7e1-41dd-8c1c-ed1db751face",
              "parentUUID": "8e264bf9-684c-406e-90c7-f2a86048e797",
              "isHook": false,
              "skipped": false
            }
          ],
          "suites": [],
          "passes": [
            "8784196f-988b-42e4-bf6e-b06687fa6dc6",
            "72d45c1d-ee5a-41fd-a315-f961618c787c",
            "dcd88105-b290-442d-ac6d-dc7c832a359d",
            "3401a177-ac0e-42b5-bdc3-2862afd42224",
            "f9698593-22f9-463a-abd5-7e7c889dbed9",
            "b8a36afb-0535-4b3f-805b-daf8f15659f9",
            "9586284a-c4b6-43b8-93b4-d1554ae322ac",
            "f3d45e2c-e7e1-41dd-8c1c-ed1db751face"
          ],
          "failures": [],
          "pending": [],
          "skipped": [],
          "duration": 17023,
          "root": false,
          "rootEmpty": false,
          "_timeout": 2000
        }
      ],
      "passes": [],
      "failures": [],
      "pending": [],
      "skipped": [],
      "duration": 0,
      "root": true,
      "rootEmpty": true,
      "_timeout": 2000
    }
  ],
  "meta": {
    "mocha": {
      "version": "7.0.1"
    },
    "mochawesome": {
      "options": {
        "quiet": false,
        "reportFilename": "mochawesome",
        "saveHtml": false,
        "saveJson": true,
        "consoleReporter": "spec",
        "useInlineDiffs": false,
        "code": true
      },
      "version": "6.2.1"
    },
    "marge": {
      "options": {
        "id": "default",
        "reportDir": "cypress/reports/mocha",
        "quite": true,
        "overwrite": false,
        "html": false,
        "json": true
      },
      "version": "5.1.0"
    }
  }
}