{
  "stats": {
    "suites": 1,
    "tests": 10,
    "passes": 2,
    "pending": 0,
    "failures": 8,
    "start": "2020-12-08T13:53:58.110Z",
    "end": "2020-12-08T13:54:42.279Z",
    "duration": 44169,
    "testsRegistered": 10,
    "passPercent": 20,
    "pendingPercent": 0,
    "other": 0,
    "hasOther": false,
    "skipped": 0,
    "hasSkipped": false
  },
  "results": [
    {
      "uuid": "c141073c-7b20-4bb3-a731-c376368ba25e",
      "title": "",
      "fullFile": "cypress/integration/frontend-testing/e2e002.js",
      "file": "cypress/integration/frontend-testing/e2e002.js",
      "beforeHooks": [],
      "afterHooks": [],
      "tests": [],
      "suites": [
        {
          "uuid": "ea876e73-0e26-46b8-99a5-89671b37837d",
          "title": "importing Mozzarella from Chile ",
          "fullFile": "",
          "file": "",
          "beforeHooks": [],
          "afterHooks": [],
          "tests": [
            {
              "title": "Navigate to trade tariff page ",
              "fullTitle": "importing Mozzarella from Chile  Navigate to trade tariff page ",
              "timedOut": null,
              "duration": 4218,
              "state": "passed",
              "speed": "slow",
              "pass": true,
              "fail": false,
              "pending": false,
              "context": null,
              "code": "cy.wait(100);\ncy.visit('https://www.gov.uk/trade-tariff');\ncy.wait(100);\ncy.get('p#get-started > a[role=\\'button\\']').contains('Start now').should('be.visible').click();",
              "err": {},
              "uuid": "5bfd729e-0761-435e-990f-613ba6ea11d2",
              "parentUUID": "ea876e73-0e26-46b8-99a5-89671b37837d",
              "isHook": false,
              "skipped": false
            },
            {
              "title": "enter commodity code for Mozzaarella - 0406103010 and search",
              "fullTitle": "importing Mozzarella from Chile  enter commodity code for Mozzaarella - 0406103010 and search",
              "timedOut": null,
              "duration": 2736,
              "state": "passed",
              "speed": "slow",
              "pass": true,
              "fail": false,
              "pending": false,
              "context": null,
              "code": "cy.get('.js-commodity-picker-select.js-show  input#q').click().type('0406103010');\ncy.wait(100);\ncy.get('input[name=\\'new_search\\']').click();",
              "err": {},
              "uuid": "d47462da-ad5f-4679-86ce-e710a8202df2",
              "parentUUID": "ea876e73-0e26-46b8-99a5-89671b37837d",
              "isHook": false,
              "skipped": false
            },
            {
              "title": "Commodity information for 0406103010 is displayed",
              "fullTitle": "importing Mozzarella from Chile  Commodity information for 0406103010 is displayed",
              "timedOut": null,
              "duration": 4471,
              "state": "failed",
              "speed": null,
              "pass": false,
              "fail": true,
              "pending": false,
              "context": null,
              "code": "cy.get('.commodity-header.govuk-heading-l').should('be.visible');",
              "err": {
                "message": "AssertionError: Timed out retrying: Expected to find element: `.commodity-header.govuk-heading-l`, but never found it.",
                "estack": "AssertionError: Timed out retrying: Expected to find element: `.commodity-header.govuk-heading-l`, but never found it.\n    at Context.eval (https://www.gov.uk/__cypress/tests?p=cypress/integration/frontend-testing/e2e002.js:112:49)",
                "diff": null
              },
              "uuid": "a97de1fe-a2aa-4c51-be8f-509b805b1d10",
              "parentUUID": "ea876e73-0e26-46b8-99a5-89671b37837d",
              "isHook": false,
              "skipped": false
            },
            {
              "title": "chapter notes is visible",
              "fullTitle": "importing Mozzarella from Chile  chapter notes is visible",
              "timedOut": null,
              "duration": 4699,
              "state": "failed",
              "speed": null,
              "pass": false,
              "fail": true,
              "pending": false,
              "context": null,
              "code": "cy.get('div:nth-of-type(1) > .govuk-heading-s').should('be.visible');",
              "err": {
                "message": "AssertionError: Timed out retrying: Expected to find element: `div:nth-of-type(1) > .govuk-heading-s`, but never found it.",
                "estack": "AssertionError: Timed out retrying: Expected to find element: `div:nth-of-type(1) > .govuk-heading-s`, but never found it.\n    at Context.eval (https://www.gov.uk/__cypress/tests?p=cypress/integration/frontend-testing/e2e002.js:115:53)",
                "diff": null
              },
              "uuid": "738c1333-fc1a-435f-b5ba-a6c4d970e191",
              "parentUUID": "ea876e73-0e26-46b8-99a5-89671b37837d",
              "isHook": false,
              "skipped": false
            },
            {
              "title": "select Import button",
              "fullTitle": "importing Mozzarella from Chile  select Import button",
              "timedOut": null,
              "duration": 4443,
              "state": "failed",
              "speed": null,
              "pass": false,
              "fail": true,
              "pending": false,
              "context": null,
              "code": "cy.get('a#tab_import').click();",
              "err": {
                "message": "AssertionError: Timed out retrying: Expected to find element: `a#tab_import`, but never found it.",
                "estack": "AssertionError: Timed out retrying: Expected to find element: `a#tab_import`, but never found it.\n    at Context.eval (https://www.gov.uk/__cypress/tests?p=cypress/integration/frontend-testing/e2e002.js:118:8)",
                "diff": null
              },
              "uuid": "5adfffd3-a784-4bc0-925e-5f8407ed5c6a",
              "parentUUID": "ea876e73-0e26-46b8-99a5-89671b37837d",
              "isHook": false,
              "skipped": false
            },
            {
              "title": "select Chile from All countries list",
              "fullTitle": "importing Mozzarella from Chile  select Chile from All countries list",
              "timedOut": null,
              "duration": 4486,
              "state": "failed",
              "speed": null,
              "pass": false,
              "fail": true,
              "pending": false,
              "context": null,
              "code": "cy.get('input#import_search_country').click().clear().wait(1000).type('Chile').wait(100).type('{enter}');\ncy.wait(200);",
              "err": {
                "message": "AssertionError: Timed out retrying: Expected to find element: `input#import_search_country`, but never found it.",
                "estack": "AssertionError: Timed out retrying: Expected to find element: `input#import_search_country`, but never found it.\n    at Context.eval (https://www.gov.uk/__cypress/tests?p=cypress/integration/frontend-testing/e2e002.js:121:8)",
                "diff": null
              },
              "uuid": "0031d78a-219b-4b44-8609-8eba95bb2aa3",
              "parentUUID": "ea876e73-0e26-46b8-99a5-89671b37837d",
              "isHook": false,
              "skipped": false
            },
            {
              "title": "measures for Chile",
              "fullTitle": "importing Mozzarella from Chile  measures for Chile",
              "timedOut": null,
              "duration": 4428,
              "state": "failed",
              "speed": null,
              "pass": false,
              "fail": true,
              "pending": false,
              "context": null,
              "code": "cy.get('.small-table > .govuk-table__caption:nth-of-type(1)').should('be.visible');",
              "err": {
                "message": "AssertionError: Timed out retrying: Expected to find element: `.small-table > .govuk-table__caption:nth-of-type(1)`, but never found it.",
                "estack": "AssertionError: Timed out retrying: Expected to find element: `.small-table > .govuk-table__caption:nth-of-type(1)`, but never found it.\n    at Context.eval (https://www.gov.uk/__cypress/tests?p=cypress/integration/frontend-testing/e2e002.js:125:67)",
                "diff": null
              },
              "uuid": "51fbe744-df2e-43a3-9e6b-50e6f2fb0b5b",
              "parentUUID": "ea876e73-0e26-46b8-99a5-89671b37837d",
              "isHook": false,
              "skipped": false
            },
            {
              "title": "Third country duty  measure has value 185.20 EUR / 100 kg",
              "fullTitle": "importing Mozzarella from Chile  Third country duty  measure has value 185.20 EUR / 100 kg",
              "timedOut": null,
              "duration": 4563,
              "state": "failed",
              "speed": null,
              "pass": false,
              "fail": true,
              "pending": false,
              "context": null,
              "code": "cy.get('.govuk-table.measures.small-table > tbody > tr:nth-of-type(2) > td:nth-of-type(4)').should('be.visible');",
              "err": {
                "message": "AssertionError: Timed out retrying: Expected to find element: `.govuk-table.measures.small-table > tbody > tr:nth-of-type(2) > td:nth-of-type(4)`, but never found it.",
                "estack": "AssertionError: Timed out retrying: Expected to find element: `.govuk-table.measures.small-table > tbody > tr:nth-of-type(2) > td:nth-of-type(4)`, but never found it.\n    at Context.eval (https://www.gov.uk/__cypress/tests?p=cypress/integration/frontend-testing/e2e002.js:128:97)",
                "diff": null
              },
              "uuid": "002c22cc-975e-438d-88b7-713b8b4951c6",
              "parentUUID": "ea876e73-0e26-46b8-99a5-89671b37837d",
              "isHook": false,
              "skipped": false
            },
            {
              "title": "preferential tariff quota order No:091924 is visible",
              "fullTitle": "importing Mozzarella from Chile  preferential tariff quota order No:091924 is visible",
              "timedOut": null,
              "duration": 4887,
              "state": "failed",
              "speed": null,
              "pass": false,
              "fail": true,
              "pending": false,
              "context": null,
              "code": "cy.get('[href=\\'\\\\#import-3738187-order-number-091924\\']').click();\ncy.get('div#popup article > .govuk-table  h2').should('be.visible');\ncy.get('.close [href]').click();",
              "err": {
                "message": "AssertionError: Timed out retrying: Expected to find element: `[href='\\#import-3738187-order-number-091924']`, but never found it.",
                "estack": "AssertionError: Timed out retrying: Expected to find element: `[href='\\#import-3738187-order-number-091924']`, but never found it.\n    at Context.eval (https://www.gov.uk/__cypress/tests?p=cypress/integration/frontend-testing/e2e002.js:131:8)",
                "diff": null
              },
              "uuid": "4a13112e-5080-4b01-a1ab-e0bda51a3756",
              "parentUUID": "ea876e73-0e26-46b8-99a5-89671b37837d",
              "isHook": false,
              "skipped": false
            },
            {
              "title": "footnotes is visible",
              "fullTitle": "importing Mozzarella from Chile  footnotes is visible",
              "timedOut": null,
              "duration": 4550,
              "state": "failed",
              "speed": null,
              "pass": false,
              "fail": true,
              "pending": false,
              "context": null,
              "code": "cy.get('[data-module] [role=\\'tabpanel\\']:nth-child(3) .small-table .govuk-table__caption').should('be.visible');",
              "err": {
                "message": "AssertionError: Timed out retrying: Expected to find element: `[data-module] [role='tabpanel']:nth-child(3) .small-table .govuk-table__caption`, but never found it.",
                "estack": "AssertionError: Timed out retrying: Expected to find element: `[data-module] [role='tabpanel']:nth-child(3) .small-table .govuk-table__caption`, but never found it.\n    at Context.eval (https://www.gov.uk/__cypress/tests?p=cypress/integration/frontend-testing/e2e002.js:136:97)",
                "diff": null
              },
              "uuid": "fdacd4e2-0f5c-4fff-8a33-616fb07f7b1f",
              "parentUUID": "ea876e73-0e26-46b8-99a5-89671b37837d",
              "isHook": false,
              "skipped": false
            }
          ],
          "suites": [],
          "passes": [
            "5bfd729e-0761-435e-990f-613ba6ea11d2",
            "d47462da-ad5f-4679-86ce-e710a8202df2"
          ],
          "failures": [
            "a97de1fe-a2aa-4c51-be8f-509b805b1d10",
            "738c1333-fc1a-435f-b5ba-a6c4d970e191",
            "5adfffd3-a784-4bc0-925e-5f8407ed5c6a",
            "0031d78a-219b-4b44-8609-8eba95bb2aa3",
            "51fbe744-df2e-43a3-9e6b-50e6f2fb0b5b",
            "002c22cc-975e-438d-88b7-713b8b4951c6",
            "4a13112e-5080-4b01-a1ab-e0bda51a3756",
            "fdacd4e2-0f5c-4fff-8a33-616fb07f7b1f"
          ],
          "pending": [],
          "skipped": [],
          "duration": 43481,
          "root": false,
          "rootEmpty": false,
          "_timeout": 2000
        }
      ],
      "passes": [],
      "failures": [],
      "pending": [],
      "skipped": [],
      "duration": 0,
      "root": true,
      "rootEmpty": true,
      "_timeout": 2000
    }
  ],
  "meta": {
    "mocha": {
      "version": "7.0.1"
    },
    "mochawesome": {
      "options": {
        "quiet": false,
        "reportFilename": "mochawesome",
        "saveHtml": false,
        "saveJson": true,
        "consoleReporter": "spec",
        "useInlineDiffs": false,
        "code": true
      },
      "version": "6.2.1"
    },
    "marge": {
      "options": {
        "id": "default",
        "reportDir": "cypress/reports/mocha",
        "quite": true,
        "overwrite": false,
        "html": false,
        "json": true
      },
      "version": "5.1.0"
    }
  }
}