{
  "stats": {
    "suites": 1,
    "tests": 8,
    "passes": 8,
    "pending": 0,
    "failures": 0,
    "start": "2020-12-09T15:19:30.845Z",
    "end": "2020-12-09T15:19:52.290Z",
    "duration": 21445,
    "testsRegistered": 8,
    "passPercent": 100,
    "pendingPercent": 0,
    "other": 0,
    "hasOther": false,
    "skipped": 0,
    "hasSkipped": false
  },
  "results": [
    {
      "uuid": "8b301a99-e717-4010-8ba9-cfba8cb8ae48",
      "title": "",
      "fullFile": "cypress/integration/frontend-testing/e2e001.js",
      "file": "cypress/integration/frontend-testing/e2e001.js",
      "beforeHooks": [],
      "afterHooks": [],
      "tests": [],
      "suites": [
        {
          "uuid": "abba9b4a-a7bc-4e93-acaf-64257b0005f2",
          "title": "end to end test ",
          "fullFile": "",
          "file": "",
          "beforeHooks": [],
          "afterHooks": [],
          "tests": [
            {
              "title": "1.main page ",
              "fullTitle": "end to end test  1.main page ",
              "timedOut": null,
              "duration": 5850,
              "state": "passed",
              "speed": "slow",
              "pass": true,
              "fail": false,
              "pending": false,
              "context": null,
              "code": "cy.visit('https://www.gov.uk/trade-tariff');\ncy.wait(1000);\ncy.get('p#get-started > a[role=\\'button\\']').contains('Start now').should('be.visible').click();",
              "err": {},
              "uuid": "3669f4f6-e247-4eae-ad20-7f4873ad8e42",
              "parentUUID": "abba9b4a-a7bc-4e93-acaf-64257b0005f2",
              "isHook": false,
              "skipped": false
            },
            {
              "title": "2.sections page details displayed",
              "fullTitle": "end to end test  2.sections page details displayed",
              "timedOut": null,
              "duration": 2746,
              "state": "passed",
              "speed": "slow",
              "pass": true,
              "fail": false,
              "pending": false,
              "context": null,
              "code": "cy.url().should('include', 'sections', {\n  timeout: 5000\n});\ncy.contains('All sections');\ncy.wait(1000);\ncy.get('tr:nth-of-type(1) > .govuk-table__cell.title > a').contains(' Live animals; animal products').click();\ncy.contains(' Live animals; animal products');",
              "err": {},
              "uuid": "1d3619be-c841-4a8f-97ab-716e1c8349b7",
              "parentUUID": "abba9b4a-a7bc-4e93-acaf-64257b0005f2",
              "isHook": false,
              "skipped": false
            },
            {
              "title": "3.chapters page is displayed",
              "fullTitle": "end to end test  3.chapters page is displayed",
              "timedOut": null,
              "duration": 1974,
              "state": "passed",
              "speed": "slow",
              "pass": true,
              "fail": false,
              "pending": false,
              "context": null,
              "code": "cy.contains('Section I: Live animals; animal products');\ncy.wait(1000);\ncy.get('tr:nth-of-type(1) > td:nth-of-type(2) > a').contains(' Live animals').click();\ncy.contains('Choose the heading that best matches your goods');",
              "err": {},
              "uuid": "0f149ac7-7884-4700-9ac5-a322cfc1e876",
              "parentUUID": "abba9b4a-a7bc-4e93-acaf-64257b0005f2",
              "isHook": false,
              "skipped": false
            },
            {
              "title": "4.headings page displayed",
              "fullTitle": "end to end test  4.headings page displayed",
              "timedOut": null,
              "duration": 1777,
              "state": "passed",
              "speed": "slow",
              "pass": true,
              "fail": false,
              "pending": false,
              "context": null,
              "code": "cy.contains('Live horses, asses, mules and hinnies');\ncy.wait(1000);\ncy.get('tr:nth-of-type(1) > td:nth-of-type(2) > a').contains('Live horses, asses, mules and hinnies').click();\ncy.contains('Choose the commodity code below that best matches your goods to see more information');",
              "err": {},
              "uuid": "911a8c5d-fd75-4f37-be60-d66c957c8e91",
              "parentUUID": "abba9b4a-a7bc-4e93-acaf-64257b0005f2",
              "isHook": false,
              "skipped": false
            },
            {
              "title": "5.commodity code selection ",
              "fullTitle": "end to end test  5.commodity code selection ",
              "timedOut": null,
              "duration": 6980,
              "state": "passed",
              "speed": "slow",
              "pass": true,
              "fail": false,
              "pending": false,
              "context": null,
              "code": "cy.contains('Horses').click();\ncy.wait(1000);\ncy.contains('Pure-bred breeding animals').click();\ncy.contains('Commodity information for 0101210000').should('be.visible');\ncy.contains('Overview').should('be.visible');\ncy.contains('Import').should('be.visible');\ncy.contains('Export').should('be.visible');\ncy.wait(1000);\ncy.get('a#tab_import').contains('Import').click();",
              "err": {},
              "uuid": "add04925-72f9-42c6-97e9-e1279d0e7385",
              "parentUUID": "abba9b4a-a7bc-4e93-acaf-64257b0005f2",
              "isHook": false,
              "skipped": false
            },
            {
              "title": "6.imports tab is visible",
              "fullTitle": "end to end test  6.imports tab is visible",
              "timedOut": null,
              "duration": 431,
              "state": "passed",
              "speed": "slow",
              "pass": true,
              "fail": false,
              "pending": false,
              "context": null,
              "code": "cy.contains('Trade between the UK and').should('be.visible');",
              "err": {},
              "uuid": "81404b0f-5ff2-4448-ac60-8639ffb73e45",
              "parentUUID": "abba9b4a-a7bc-4e93-acaf-64257b0005f2",
              "isHook": false,
              "skipped": false
            },
            {
              "title": "7.footnotes is visible",
              "fullTitle": "end to end test  7.footnotes is visible",
              "timedOut": null,
              "duration": 449,
              "state": "passed",
              "speed": "slow",
              "pass": true,
              "fail": false,
              "pending": false,
              "context": null,
              "code": "cy.get('[data-module] [role=\\'tabpanel\\']:nth-child(3) .small-table .govuk-table__caption').should('be.visible'); // cy.contains('Footnotes').should('be.visible')",
              "err": {},
              "uuid": "050a71a0-0c11-4a5e-bb7e-9d5984859582",
              "parentUUID": "abba9b4a-a7bc-4e93-acaf-64257b0005f2",
              "isHook": false,
              "skipped": false
            },
            {
              "title": "8.forum Section is visible",
              "fullTitle": "end to end test  8.forum Section is visible",
              "timedOut": null,
              "duration": 70,
              "state": "passed",
              "speed": "medium",
              "pass": true,
              "fail": false,
              "pending": false,
              "context": null,
              "code": "cy.get('li:nth-of-type(9) > .govuk-header__link').should('be.visible');",
              "err": {},
              "uuid": "abb74341-48de-4cbc-991a-14aea90e8487",
              "parentUUID": "abba9b4a-a7bc-4e93-acaf-64257b0005f2",
              "isHook": false,
              "skipped": false
            }
          ],
          "suites": [],
          "passes": [
            "3669f4f6-e247-4eae-ad20-7f4873ad8e42",
            "1d3619be-c841-4a8f-97ab-716e1c8349b7",
            "0f149ac7-7884-4700-9ac5-a322cfc1e876",
            "911a8c5d-fd75-4f37-be60-d66c957c8e91",
            "add04925-72f9-42c6-97e9-e1279d0e7385",
            "81404b0f-5ff2-4448-ac60-8639ffb73e45",
            "050a71a0-0c11-4a5e-bb7e-9d5984859582",
            "abb74341-48de-4cbc-991a-14aea90e8487"
          ],
          "failures": [],
          "pending": [],
          "skipped": [],
          "duration": 20277,
          "root": false,
          "rootEmpty": false,
          "_timeout": 2000
        }
      ],
      "passes": [],
      "failures": [],
      "pending": [],
      "skipped": [],
      "duration": 0,
      "root": true,
      "rootEmpty": true,
      "_timeout": 2000
    }
  ],
  "meta": {
    "mocha": {
      "version": "7.0.1"
    },
    "mochawesome": {
      "options": {
        "quiet": false,
        "reportFilename": "mochawesome",
        "saveHtml": false,
        "saveJson": true,
        "consoleReporter": "spec",
        "useInlineDiffs": false,
        "code": true
      },
      "version": "6.2.1"
    },
    "marge": {
      "options": {
        "id": "default",
        "reportDir": "cypress/reports/mocha",
        "quite": true,
        "overwrite": false,
        "html": false,
        "json": true
      },
      "version": "5.1.0"
    }
  }
}