{
  "stats": {
    "suites": 1,
    "tests": 4,
    "passes": 4,
    "pending": 0,
    "failures": 0,
    "start": "2020-12-09T09:29:02.444Z",
    "end": "2020-12-09T09:29:05.359Z",
    "duration": 2915,
    "testsRegistered": 4,
    "passPercent": 100,
    "pendingPercent": 0,
    "other": 0,
    "hasOther": false,
    "skipped": 0,
    "hasSkipped": false
  },
  "results": [
    {
      "uuid": "e881f27a-2f5b-43ed-aaed-abff582823a2",
      "title": "",
      "fullFile": "cypress/integration/frontend-testing/sectionsPage.js",
      "file": "cypress/integration/frontend-testing/sectionsPage.js",
      "beforeHooks": [],
      "afterHooks": [],
      "tests": [],
      "suites": [
        {
          "uuid": "818be563-bb24-4a01-9a16-8386185e1112",
          "title": "sections page content validation ",
          "fullFile": "",
          "file": "",
          "beforeHooks": [],
          "afterHooks": [],
          "tests": [
            {
              "title": "main page navigation ",
              "fullTitle": "sections page content validation  main page navigation ",
              "timedOut": null,
              "duration": 2386,
              "state": "passed",
              "speed": "slow",
              "pass": true,
              "fail": false,
              "pending": false,
              "context": null,
              "code": "cy.visit('https://www.gov.uk/trade-tariff');\ncy.wait(1000);\ncy.get('p#get-started > a[role=\\'button\\']').contains('Start now').should('be.visible').click();",
              "err": {},
              "uuid": "ecbc959e-ca49-460f-a343-5c3c2b3b8396",
              "parentUUID": "818be563-bb24-4a01-9a16-8386185e1112",
              "isHook": false,
              "skipped": false
            },
            {
              "title": "search the tariff text/box visible",
              "fullTitle": "sections page content validation  search the tariff text/box visible",
              "timedOut": null,
              "duration": 101,
              "state": "passed",
              "speed": "slow",
              "pass": true,
              "fail": false,
              "pending": false,
              "context": null,
              "code": "cy.get('.govuk-label').should('be.visible');\ncy.get('.js-commodity-picker-select.js-show  input#q').should('be.visible');",
              "err": {},
              "uuid": "0f08ad99-88df-470a-ae95-325a995216f5",
              "parentUUID": "818be563-bb24-4a01-9a16-8386185e1112",
              "isHook": false,
              "skipped": false
            },
            {
              "title": "top menu section displayed ",
              "fullTitle": "sections page content validation  top menu section displayed ",
              "timedOut": null,
              "duration": 118,
              "state": "passed",
              "speed": "slow",
              "pass": true,
              "fail": false,
              "pending": false,
              "context": null,
              "code": "cy.url().should('include', 'sections', {\n  timeout: 5000\n});\ncy.get('li:nth-of-type(1) > .govuk-header__link');\ncy.contains('Search');\ncy.contains('Additional code');\ncy.contains('Certificate');\ncy.contains('Footnotes');\ncy.contains('Quotas');\ncy.contains('CAS');\ncy.contains('A-Z');\ncy.contains('Exchange rates');\ncy.contains('Forum');\ncy.contains('Trade Tariff: look up commodity codes, duty and VAT rates');\ncy.contains('All sections');",
              "err": {},
              "uuid": "5544bfcb-84fc-47a5-b0de-b93b6a886c3b",
              "parentUUID": "818be563-bb24-4a01-9a16-8386185e1112",
              "isHook": false,
              "skipped": false
            },
            {
              "title": "all 21 sections titles displayed ",
              "fullTitle": "sections page content validation  all 21 sections titles displayed ",
              "timedOut": null,
              "duration": 212,
              "state": "passed",
              "speed": "slow",
              "pass": true,
              "fail": false,
              "pending": false,
              "context": null,
              "code": "cy.url().should('include', 'sections', {\n  timeout: 5000\n});\ncy.contains('All sections');\ncy.contains('Section title');\ncy.contains('Section');\ncy.contains('Chapters');\ncy.get('tr:nth-of-type(1) > .govuk-table__cell.title > a');\ncy.contains(' Live animals; animal products');\ncy.contains('Vegetable products');\ncy.contains(' Animal or vegetable fats and oils and their cleavage products; prepared edible fats; animal or vegetable waxes');\ncy.contains(' Prepared foodstuffs; beverages, spirits and vinegar; tobacco and manufactured tobacco substitutes');\ncy.contains(' Mineral products');\ncy.contains(' Products of the chemical or allied industries');\ncy.contains(' Plastics and articles thereof; rubber and articles thereof');\ncy.contains(' Raw hides and skins, leather, furskins and articles thereof; saddlery and harness; travel goods, handbags and similar containers; articles of animal gut (other than silkworm gut)');\ncy.contains(' Wood and articles of wood; wood charcoal; cork and articles of cork; manufactures of straw, of esparto or of other plaiting materials; basket-ware and wickerwork');\ncy.contains(' Pulp of wood or of other fibrous cellulosic material; recovered (waste and scrap) paper or paperboard; paper and paperboard and articles thereof');\ncy.contains(' Textiles and textile articles');\ncy.contains(' Footwear, headgear, umbrellas, sun umbrellas, walking-sticks, seat-sticks, whips, riding-crops and parts thereof; prepared feathers and articles made therewith; artificial flowers; articles of human hair');\ncy.contains(' Articles of stone, plaster, cement, asbestos, mica or similar materials; ceramic products; glass and glassware');\ncy.contains(' Natural or cultured pearls, precious or semi-precious stones, precious metals, metals clad with precious metal and articles thereof; imitation jewellery; coins');\ncy.contains('Base metals and articles of base metal');\ncy.contains('Machinery and mechanical appliances; electrical equipment; parts thereof, sound recorders and reproducers, television image and sound recorders and reproducers, and parts and accessories of such articles');\ncy.contains('Vehicles, aircraft, vessels and associated transport equipment');\ncy.contains('Optical, photographic, cinematographic, measuring, checking, precision, medical or surgical instruments and apparatus; clocks and watches; musical instruments; parts and accessories thereof');\ncy.contains('Arms and ammunition; parts and accessories thereof');\ncy.contains('Miscellaneous manufactured articles');\ncy.contains('Works of art, collectors\\' pieces and antiques');",
              "err": {},
              "uuid": "2f7e0b23-2e69-479f-ad76-0631e96c4e13",
              "parentUUID": "818be563-bb24-4a01-9a16-8386185e1112",
              "isHook": false,
              "skipped": false
            }
          ],
          "suites": [],
          "passes": [
            "ecbc959e-ca49-460f-a343-5c3c2b3b8396",
            "0f08ad99-88df-470a-ae95-325a995216f5",
            "5544bfcb-84fc-47a5-b0de-b93b6a886c3b",
            "2f7e0b23-2e69-479f-ad76-0631e96c4e13"
          ],
          "failures": [],
          "pending": [],
          "skipped": [],
          "duration": 2817,
          "root": false,
          "rootEmpty": false,
          "_timeout": 2000
        }
      ],
      "passes": [],
      "failures": [],
      "pending": [],
      "skipped": [],
      "duration": 0,
      "root": true,
      "rootEmpty": true,
      "_timeout": 2000
    }
  ],
  "meta": {
    "mocha": {
      "version": "7.0.1"
    },
    "mochawesome": {
      "options": {
        "quiet": false,
        "reportFilename": "mochawesome",
        "saveHtml": false,
        "saveJson": true,
        "consoleReporter": "spec",
        "useInlineDiffs": false,
        "code": true
      },
      "version": "6.2.1"
    },
    "marge": {
      "options": {
        "id": "default",
        "reportDir": "cypress/reports/mocha",
        "quite": true,
        "overwrite": false,
        "html": false,
        "json": true
      },
      "version": "5.1.0"
    }
  }
}