{
  "stats": {
    "suites": 1,
    "tests": 7,
    "passes": 6,
    "pending": 0,
    "failures": 1,
    "start": "2020-12-07T23:58:52.975Z",
    "end": "2020-12-07T23:59:10.263Z",
    "duration": 17288,
    "testsRegistered": 7,
    "passPercent": 85.71428571428571,
    "pendingPercent": 0,
    "other": 0,
    "hasOther": false,
    "skipped": 0,
    "hasSkipped": false
  },
  "results": [
    {
      "uuid": "c9167815-9f8f-4d98-b75b-0a3dc982d3e7",
      "title": "",
      "fullFile": "cypress/integration/frontend-testing/e2e002.js",
      "file": "cypress/integration/frontend-testing/e2e002.js",
      "beforeHooks": [],
      "afterHooks": [],
      "tests": [],
      "suites": [
        {
          "uuid": "85db8f00-3b46-46a0-aa8e-a1eadade0b88",
          "title": "importing Mozzarella from Chile ",
          "fullFile": "",
          "file": "",
          "beforeHooks": [],
          "afterHooks": [],
          "tests": [
            {
              "title": "Navigate to trade tariff page ",
              "fullTitle": "importing Mozzarella from Chile  Navigate to trade tariff page ",
              "timedOut": null,
              "duration": 2560,
              "state": "passed",
              "speed": "slow",
              "pass": true,
              "fail": false,
              "pending": false,
              "context": null,
              "code": "cy.visit('https://www.gov.uk/trade-tariff');\ncy.wait(1000);\ncy.get('p#get-started > a[role=\\'button\\']').contains('Start now').should('be.visible').click();",
              "err": {},
              "uuid": "4046bc7d-8d54-4688-9c62-cb9a4a082773",
              "parentUUID": "85db8f00-3b46-46a0-aa8e-a1eadade0b88",
              "isHook": false,
              "skipped": false
            },
            {
              "title": "enter commodity code for Mozzaarella - 0406103010 and search",
              "fullTitle": "importing Mozzarella from Chile  enter commodity code for Mozzaarella - 0406103010 and search",
              "timedOut": null,
              "duration": 4471,
              "state": "passed",
              "speed": "slow",
              "pass": true,
              "fail": false,
              "pending": false,
              "context": null,
              "code": "cy.get('.js-commodity-picker-select.js-show  input#q').click().type('1704903000');\ncy.wait(3000);\ncy.get('input[name=\\'new_search\\']').click();",
              "err": {},
              "uuid": "de41f5e1-1f13-449a-b9d2-ef4088cca512",
              "parentUUID": "85db8f00-3b46-46a0-aa8e-a1eadade0b88",
              "isHook": false,
              "skipped": false
            },
            {
              "title": "Commodity information for 0406103010 is displayed",
              "fullTitle": "importing Mozzarella from Chile  Commodity information for 0406103010 is displayed",
              "timedOut": null,
              "duration": 4420,
              "state": "failed",
              "speed": null,
              "pass": false,
              "fail": true,
              "pending": false,
              "context": null,
              "code": "cy.get('.commodity-header.govuk-heading-l').contains('Commodity information for 0406103010').should('be.visible');",
              "err": {
                "message": "AssertionError: Timed out retrying: Expected to find content: 'Commodity information for 0406103010' within the element: <h1.govuk-heading-l.commodity-header> but never did.",
                "estack": "AssertionError: Timed out retrying: Expected to find content: 'Commodity information for 0406103010' within the element: <h1.govuk-heading-l.commodity-header> but never did.\n    at Context.eval (https://www.gov.uk/__cypress/tests?p=cypress/integration/frontend-testing/e2e002.js:111:98)",
                "diff": null
              },
              "uuid": "0c4bd7c9-02f2-4ee0-bf2b-fb8f194efd85",
              "parentUUID": "85db8f00-3b46-46a0-aa8e-a1eadade0b88",
              "isHook": false,
              "skipped": false
            },
            {
              "title": "select Import button",
              "fullTitle": "importing Mozzarella from Chile  select Import button",
              "timedOut": null,
              "duration": 149,
              "state": "passed",
              "speed": "slow",
              "pass": true,
              "fail": false,
              "pending": false,
              "context": null,
              "code": "cy.get('a#tab_import').click();",
              "err": {},
              "uuid": "b1b421dc-9f03-4e20-ba1c-639fdf74c668",
              "parentUUID": "85db8f00-3b46-46a0-aa8e-a1eadade0b88",
              "isHook": false,
              "skipped": false
            },
            {
              "title": "footnotes is visible",
              "fullTitle": "importing Mozzarella from Chile  footnotes is visible",
              "timedOut": null,
              "duration": 268,
              "state": "passed",
              "speed": "slow",
              "pass": true,
              "fail": false,
              "pending": false,
              "context": null,
              "code": "cy.get('[data-module] [role=\\'tabpanel\\']:nth-child(3) .small-table .govuk-table__caption').should('be.visible');",
              "err": {},
              "uuid": "b9ed8d7d-8cf8-4437-a8b5-016e38051d23",
              "parentUUID": "85db8f00-3b46-46a0-aa8e-a1eadade0b88",
              "isHook": false,
              "skipped": false
            },
            {
              "title": "forum Section is visible",
              "fullTitle": "importing Mozzarella from Chile  forum Section is visible",
              "timedOut": null,
              "duration": 33,
              "state": "passed",
              "speed": "fast",
              "pass": true,
              "fail": false,
              "pending": false,
              "context": null,
              "code": "cy.get('li:nth-of-type(9) > .govuk-header__link').should('be.visible');",
              "err": {},
              "uuid": "e8bc65cb-6e6c-42bc-a242-b2e26c9cc6ea",
              "parentUUID": "85db8f00-3b46-46a0-aa8e-a1eadade0b88",
              "isHook": false,
              "skipped": false
            },
            {
              "title": "select Chile from All countries list",
              "fullTitle": "importing Mozzarella from Chile  select Chile from All countries list",
              "timedOut": null,
              "duration": 5297,
              "state": "passed",
              "speed": "slow",
              "pass": true,
              "fail": false,
              "pending": false,
              "context": null,
              "code": "cy.get('input#import_search_country').click().clear().wait(1000).type('Chile').wait(1000).type('{enter}');\ncy.wait(2000);",
              "err": {},
              "uuid": "7de80eee-20da-47a6-9c14-261b8dcbfa28",
              "parentUUID": "85db8f00-3b46-46a0-aa8e-a1eadade0b88",
              "isHook": false,
              "skipped": false
            }
          ],
          "suites": [],
          "passes": [
            "4046bc7d-8d54-4688-9c62-cb9a4a082773",
            "de41f5e1-1f13-449a-b9d2-ef4088cca512",
            "b1b421dc-9f03-4e20-ba1c-639fdf74c668",
            "b9ed8d7d-8cf8-4437-a8b5-016e38051d23",
            "e8bc65cb-6e6c-42bc-a242-b2e26c9cc6ea",
            "7de80eee-20da-47a6-9c14-261b8dcbfa28"
          ],
          "failures": [
            "0c4bd7c9-02f2-4ee0-bf2b-fb8f194efd85"
          ],
          "pending": [],
          "skipped": [],
          "duration": 17198,
          "root": false,
          "rootEmpty": false,
          "_timeout": 2000
        }
      ],
      "passes": [],
      "failures": [],
      "pending": [],
      "skipped": [],
      "duration": 0,
      "root": true,
      "rootEmpty": true,
      "_timeout": 2000
    }
  ],
  "meta": {
    "mocha": {
      "version": "7.0.1"
    },
    "mochawesome": {
      "options": {
        "quiet": false,
        "reportFilename": "mochawesome",
        "saveHtml": false,
        "saveJson": true,
        "consoleReporter": "spec",
        "useInlineDiffs": false,
        "code": true
      },
      "version": "6.2.1"
    },
    "marge": {
      "options": {
        "id": "default",
        "reportDir": "cypress/reports/mocha",
        "quite": true,
        "overwrite": false,
        "html": false,
        "json": true
      },
      "version": "5.1.0"
    }
  }
}