{
  "stats": {
    "suites": 1,
    "tests": 3,
    "passes": 3,
    "pending": 0,
    "failures": 0,
    "start": "2020-12-09T09:27:57.332Z",
    "end": "2020-12-09T09:27:59.363Z",
    "duration": 2031,
    "testsRegistered": 3,
    "passPercent": 100,
    "pendingPercent": 0,
    "other": 0,
    "hasOther": false,
    "skipped": 0,
    "hasSkipped": false
  },
  "results": [
    {
      "uuid": "3f8d3b82-2aec-4f47-afd6-e5b2bbdd7d17",
      "title": "",
      "fullFile": "cypress/integration/api-testing/sectionsPage.spec.js",
      "file": "cypress/integration/api-testing/sectionsPage.spec.js",
      "beforeHooks": [],
      "afterHooks": [],
      "tests": [],
      "suites": [
        {
          "uuid": "4c16cb4a-f3b4-4774-96f8-d4e774b79974",
          "title": "OTT API Testing - Sections Page v2",
          "fullFile": "",
          "file": "",
          "beforeHooks": [],
          "afterHooks": [],
          "tests": [
            {
              "title": "sections page - response code 200",
              "fullTitle": "OTT API Testing - Sections Page v2 sections page - response code 200",
              "timedOut": null,
              "duration": 1050,
              "state": "passed",
              "speed": "slow",
              "pass": true,
              "fail": false,
              "pending": false,
              "context": null,
              "code": "cy.request('/sections').then(function (response) {\n  expect(response).to.have.property('status', 200);\n});",
              "err": {},
              "uuid": "c3a44fca-4bfd-4bfc-8568-1c8bb3b28116",
              "parentUUID": "4c16cb4a-f3b4-4774-96f8-d4e774b79974",
              "isHook": false,
              "skipped": false
            },
            {
              "title": " sections page - response not null",
              "fullTitle": "OTT API Testing - Sections Page v2  sections page - response not null",
              "timedOut": null,
              "duration": 330,
              "state": "passed",
              "speed": "slow",
              "pass": true,
              "fail": false,
              "pending": false,
              "context": null,
              "code": "cy.request('/sections').then(function (response) {\n  expect(response.body).to.not.be[\"null\"];\n});",
              "err": {},
              "uuid": "6defe764-de76-4a82-9a81-331a5dd73117",
              "parentUUID": "4c16cb4a-f3b4-4774-96f8-d4e774b79974",
              "isHook": false,
              "skipped": false
            },
            {
              "title": "sections page - returns JSON data",
              "fullTitle": "OTT API Testing - Sections Page v2 sections page - returns JSON data",
              "timedOut": null,
              "duration": 552,
              "state": "passed",
              "speed": "slow",
              "pass": true,
              "fail": false,
              "pending": false,
              "context": null,
              "code": "cy.request('/sections').its('headers').its('content-type').should('include', 'application/json');",
              "err": {},
              "uuid": "5f73d3d0-add0-4b0a-8892-a181500e4e75",
              "parentUUID": "4c16cb4a-f3b4-4774-96f8-d4e774b79974",
              "isHook": false,
              "skipped": false
            }
          ],
          "suites": [],
          "passes": [
            "c3a44fca-4bfd-4bfc-8568-1c8bb3b28116",
            "6defe764-de76-4a82-9a81-331a5dd73117",
            "5f73d3d0-add0-4b0a-8892-a181500e4e75"
          ],
          "failures": [],
          "pending": [],
          "skipped": [],
          "duration": 1932,
          "root": false,
          "rootEmpty": false,
          "_timeout": 2000
        }
      ],
      "passes": [],
      "failures": [],
      "pending": [],
      "skipped": [],
      "duration": 0,
      "root": true,
      "rootEmpty": true,
      "_timeout": 2000
    }
  ],
  "meta": {
    "mocha": {
      "version": "7.0.1"
    },
    "mochawesome": {
      "options": {
        "quiet": false,
        "reportFilename": "mochawesome",
        "saveHtml": false,
        "saveJson": true,
        "consoleReporter": "spec",
        "useInlineDiffs": false,
        "code": true
      },
      "version": "6.2.1"
    },
    "marge": {
      "options": {
        "id": "default",
        "reportDir": "cypress/reports/mocha",
        "quite": true,
        "overwrite": false,
        "html": false,
        "json": true
      },
      "version": "5.1.0"
    }
  }
}