{
  "stats": {
    "suites": 1,
    "tests": 8,
    "passes": 8,
    "pending": 0,
    "failures": 0,
    "start": "2020-12-09T15:44:42.735Z",
    "end": "2020-12-09T15:44:59.075Z",
    "duration": 16340,
    "testsRegistered": 8,
    "passPercent": 100,
    "pendingPercent": 0,
    "other": 0,
    "hasOther": false,
    "skipped": 0,
    "hasSkipped": false
  },
  "results": [
    {
      "uuid": "ee21deac-1552-4cc0-a4a2-aba84844cf1f",
      "title": "",
      "fullFile": "cypress/integration/frontend-testing/e2e001.js",
      "file": "cypress/integration/frontend-testing/e2e001.js",
      "beforeHooks": [],
      "afterHooks": [],
      "tests": [],
      "suites": [
        {
          "uuid": "e30ed938-e341-4a0b-9fc2-704cdaf5ad03",
          "title": "end to end test ",
          "fullFile": "",
          "file": "",
          "beforeHooks": [],
          "afterHooks": [],
          "tests": [
            {
              "title": "1.main page ",
              "fullTitle": "end to end test  1.main page ",
              "timedOut": null,
              "duration": 3694,
              "state": "passed",
              "speed": "slow",
              "pass": true,
              "fail": false,
              "pending": false,
              "context": null,
              "code": "cy.visit('https://www.gov.uk/trade-tariff');\ncy.wait(1000);\ncy.get('p#get-started > a[role=\\'button\\']').contains('Start now').should('be.visible').click();",
              "err": {},
              "uuid": "7b7fe27a-b36a-4073-8840-f432b9db950d",
              "parentUUID": "e30ed938-e341-4a0b-9fc2-704cdaf5ad03",
              "isHook": false,
              "skipped": false
            },
            {
              "title": "2.sections page details displayed",
              "fullTitle": "end to end test  2.sections page details displayed",
              "timedOut": null,
              "duration": 2888,
              "state": "passed",
              "speed": "slow",
              "pass": true,
              "fail": false,
              "pending": false,
              "context": null,
              "code": "cy.url().should('include', 'sections', {\n  timeout: 5000\n});\ncy.contains('All sections');\ncy.wait(1000);\ncy.get('tr:nth-of-type(1) > .govuk-table__cell.title > a').contains(' Live animals; animal products').click();\ncy.contains(' Live animals; animal products');",
              "err": {},
              "uuid": "c650ca46-a6e3-439a-94a1-15906a1f6055",
              "parentUUID": "e30ed938-e341-4a0b-9fc2-704cdaf5ad03",
              "isHook": false,
              "skipped": false
            },
            {
              "title": "3.chapters page is displayed",
              "fullTitle": "end to end test  3.chapters page is displayed",
              "timedOut": null,
              "duration": 2591,
              "state": "passed",
              "speed": "slow",
              "pass": true,
              "fail": false,
              "pending": false,
              "context": null,
              "code": "cy.contains('Section I: Live animals; animal products');\ncy.wait(1000);\ncy.get('tr:nth-of-type(1) > td:nth-of-type(2) > a').contains(' Live animals').click();\ncy.contains('Choose the heading that best matches your goods');",
              "err": {},
              "uuid": "52511b4b-aea7-48af-85a0-1d2facc9aa5d",
              "parentUUID": "e30ed938-e341-4a0b-9fc2-704cdaf5ad03",
              "isHook": false,
              "skipped": false
            },
            {
              "title": "4.headings page displayed",
              "fullTitle": "end to end test  4.headings page displayed",
              "timedOut": null,
              "duration": 1832,
              "state": "passed",
              "speed": "slow",
              "pass": true,
              "fail": false,
              "pending": false,
              "context": null,
              "code": "cy.contains('Live horses, asses, mules and hinnies');\ncy.wait(1000);\ncy.get('tr:nth-of-type(1) > td:nth-of-type(2) > a').contains('Live horses, asses, mules and hinnies').click();\ncy.contains('Choose the commodity code below that best matches your goods to see more information');",
              "err": {},
              "uuid": "8b05dad7-c791-4015-93c2-bc9d9950efea",
              "parentUUID": "e30ed938-e341-4a0b-9fc2-704cdaf5ad03",
              "isHook": false,
              "skipped": false
            },
            {
              "title": "5.commodity code selection ",
              "fullTitle": "end to end test  5.commodity code selection ",
              "timedOut": null,
              "duration": 3722,
              "state": "passed",
              "speed": "slow",
              "pass": true,
              "fail": false,
              "pending": false,
              "context": null,
              "code": "cy.contains('Horses').click();\ncy.wait(1000);\ncy.contains('Pure-bred breeding animals').click();\ncy.contains('Commodity information for 0101210000').should('be.visible');\ncy.contains('Overview').should('be.visible');\ncy.contains('Import').should('be.visible');\ncy.contains('Export').should('be.visible');\ncy.wait(1000);\ncy.get('a#tab_import').contains('Import').click();",
              "err": {},
              "uuid": "d66119b8-d07c-4111-902e-5ffe9fc90136",
              "parentUUID": "e30ed938-e341-4a0b-9fc2-704cdaf5ad03",
              "isHook": false,
              "skipped": false
            },
            {
              "title": "6.imports tab is visible",
              "fullTitle": "end to end test  6.imports tab is visible",
              "timedOut": null,
              "duration": 327,
              "state": "passed",
              "speed": "slow",
              "pass": true,
              "fail": false,
              "pending": false,
              "context": null,
              "code": "cy.contains('Trade between the UK and').should('be.visible');",
              "err": {},
              "uuid": "0ce88f2d-5bf2-457d-9e09-dbb86dc78806",
              "parentUUID": "e30ed938-e341-4a0b-9fc2-704cdaf5ad03",
              "isHook": false,
              "skipped": false
            },
            {
              "title": "7.footnotes is visible",
              "fullTitle": "end to end test  7.footnotes is visible",
              "timedOut": null,
              "duration": 627,
              "state": "passed",
              "speed": "slow",
              "pass": true,
              "fail": false,
              "pending": false,
              "context": null,
              "code": "cy.get('[data-module] [role=\\'tabpanel\\']:nth-child(3) .small-table .govuk-table__caption').should('be.visible'); // cy.contains('Footnotes').should('be.visible')",
              "err": {},
              "uuid": "32ac5b91-f71d-4126-9104-9448ea85cb04",
              "parentUUID": "e30ed938-e341-4a0b-9fc2-704cdaf5ad03",
              "isHook": false,
              "skipped": false
            },
            {
              "title": "8.forum Section is visible",
              "fullTitle": "end to end test  8.forum Section is visible",
              "timedOut": null,
              "duration": 68,
              "state": "passed",
              "speed": "medium",
              "pass": true,
              "fail": false,
              "pending": false,
              "context": null,
              "code": "cy.get('li:nth-of-type(9) > .govuk-header__link').should('be.visible');",
              "err": {},
              "uuid": "534fa05c-bebb-47d8-8418-bb39fe5b6015",
              "parentUUID": "e30ed938-e341-4a0b-9fc2-704cdaf5ad03",
              "isHook": false,
              "skipped": false
            }
          ],
          "suites": [],
          "passes": [
            "7b7fe27a-b36a-4073-8840-f432b9db950d",
            "c650ca46-a6e3-439a-94a1-15906a1f6055",
            "52511b4b-aea7-48af-85a0-1d2facc9aa5d",
            "8b05dad7-c791-4015-93c2-bc9d9950efea",
            "d66119b8-d07c-4111-902e-5ffe9fc90136",
            "0ce88f2d-5bf2-457d-9e09-dbb86dc78806",
            "32ac5b91-f71d-4126-9104-9448ea85cb04",
            "534fa05c-bebb-47d8-8418-bb39fe5b6015"
          ],
          "failures": [],
          "pending": [],
          "skipped": [],
          "duration": 15749,
          "root": false,
          "rootEmpty": false,
          "_timeout": 2000
        }
      ],
      "passes": [],
      "failures": [],
      "pending": [],
      "skipped": [],
      "duration": 0,
      "root": true,
      "rootEmpty": true,
      "_timeout": 2000
    }
  ],
  "meta": {
    "mocha": {
      "version": "7.0.1"
    },
    "mochawesome": {
      "options": {
        "quiet": false,
        "reportFilename": "mochawesome",
        "saveHtml": false,
        "saveJson": true,
        "consoleReporter": "spec",
        "useInlineDiffs": false,
        "code": true
      },
      "version": "6.2.1"
    },
    "marge": {
      "options": {
        "id": "default",
        "reportDir": "cypress/reports/mocha",
        "quite": true,
        "overwrite": false,
        "html": false,
        "json": true
      },
      "version": "5.1.0"
    }
  }
}