{
  "stats": {
    "suites": 1,
    "tests": 10,
    "passes": 10,
    "pending": 0,
    "failures": 0,
    "start": "2020-12-09T15:20:04.426Z",
    "end": "2020-12-09T15:20:18.779Z",
    "duration": 14353,
    "testsRegistered": 10,
    "passPercent": 100,
    "pendingPercent": 0,
    "other": 0,
    "hasOther": false,
    "skipped": 0,
    "hasSkipped": false
  },
  "results": [
    {
      "uuid": "45f78a58-abce-45de-9eb4-f66130999a53",
      "title": "",
      "fullFile": "cypress/integration/frontend-testing/e2e002.js",
      "file": "cypress/integration/frontend-testing/e2e002.js",
      "beforeHooks": [],
      "afterHooks": [],
      "tests": [],
      "suites": [
        {
          "uuid": "425ef1f4-1e88-4735-af6e-9b44598d04b8",
          "title": "importing Mozzarella from Chile ",
          "fullFile": "",
          "file": "",
          "beforeHooks": [],
          "afterHooks": [],
          "tests": [
            {
              "title": "Navigate to trade tariff page ",
              "fullTitle": "importing Mozzarella from Chile  Navigate to trade tariff page ",
              "timedOut": null,
              "duration": 2937,
              "state": "passed",
              "speed": "slow",
              "pass": true,
              "fail": false,
              "pending": false,
              "context": null,
              "code": "// cy.wait(1000)\ncy.visit('https://www.gov.uk/trade-tariff'); //   cy.wait(1000)\ncy.get('p#get-started > a[role=\\'button\\']').contains('Start now').should('be.visible').click();",
              "err": {},
              "uuid": "49b70790-0a6a-4205-9aa3-8aa9f133c1ff",
              "parentUUID": "425ef1f4-1e88-4735-af6e-9b44598d04b8",
              "isHook": false,
              "skipped": false
            },
            {
              "title": "enter commodity code for Mozzaarella - 0406103010 and search",
              "fullTitle": "importing Mozzarella from Chile  enter commodity code for Mozzaarella - 0406103010 and search",
              "timedOut": null,
              "duration": 4722,
              "state": "passed",
              "speed": "slow",
              "pass": true,
              "fail": false,
              "pending": false,
              "context": null,
              "code": "cy.get('.js-commodity-picker-select.js-show  input#q').click().type('0406103010');\ncy.wait(1000);\ncy.get('input[name=\\'new_search\\']').click();",
              "err": {},
              "uuid": "386dd954-e32e-4847-ad7c-6f04b1e9d7af",
              "parentUUID": "425ef1f4-1e88-4735-af6e-9b44598d04b8",
              "isHook": false,
              "skipped": false
            },
            {
              "title": "Commodity information for 0406103010 is displayed",
              "fullTitle": "importing Mozzarella from Chile  Commodity information for 0406103010 is displayed",
              "timedOut": null,
              "duration": 151,
              "state": "passed",
              "speed": "slow",
              "pass": true,
              "fail": false,
              "pending": false,
              "context": null,
              "code": "cy.get('.commodity-header.govuk-heading-l').should('be.visible');",
              "err": {},
              "uuid": "6e275f9c-74cf-4030-ae9c-7aa07967a955",
              "parentUUID": "425ef1f4-1e88-4735-af6e-9b44598d04b8",
              "isHook": false,
              "skipped": false
            },
            {
              "title": "chapter notes is visible",
              "fullTitle": "importing Mozzarella from Chile  chapter notes is visible",
              "timedOut": null,
              "duration": 192,
              "state": "passed",
              "speed": "slow",
              "pass": true,
              "fail": false,
              "pending": false,
              "context": null,
              "code": "cy.get('div:nth-of-type(1) > .govuk-heading-s').should('be.visible');",
              "err": {},
              "uuid": "b2dbf49a-3ee8-4903-8440-d9b00a57afe0",
              "parentUUID": "425ef1f4-1e88-4735-af6e-9b44598d04b8",
              "isHook": false,
              "skipped": false
            },
            {
              "title": "select Import button",
              "fullTitle": "importing Mozzarella from Chile  select Import button",
              "timedOut": null,
              "duration": 173,
              "state": "passed",
              "speed": "slow",
              "pass": true,
              "fail": false,
              "pending": false,
              "context": null,
              "code": "cy.get('a#tab_import').click();",
              "err": {},
              "uuid": "2bd7265e-3f31-40a0-9324-0e50e5778844",
              "parentUUID": "425ef1f4-1e88-4735-af6e-9b44598d04b8",
              "isHook": false,
              "skipped": false
            },
            {
              "title": "select Chile from All countries list",
              "fullTitle": "importing Mozzarella from Chile  select Chile from All countries list",
              "timedOut": null,
              "duration": 4728,
              "state": "passed",
              "speed": "slow",
              "pass": true,
              "fail": false,
              "pending": false,
              "context": null,
              "code": "cy.get('input#import_search_country').click().clear().wait(1000).type('Chile').wait(1000).type('{enter}');\ncy.wait(1000);",
              "err": {},
              "uuid": "7b9acaff-c0b3-4b3a-93fb-0252149713c8",
              "parentUUID": "425ef1f4-1e88-4735-af6e-9b44598d04b8",
              "isHook": false,
              "skipped": false
            },
            {
              "title": "measures for Chile",
              "fullTitle": "importing Mozzarella from Chile  measures for Chile",
              "timedOut": null,
              "duration": 110,
              "state": "passed",
              "speed": "slow",
              "pass": true,
              "fail": false,
              "pending": false,
              "context": null,
              "code": "cy.get('.small-table > .govuk-table__caption:nth-of-type(1)').should('be.visible');",
              "err": {},
              "uuid": "5bc03ec3-a9d7-4f66-a5cb-d30d9d4efce0",
              "parentUUID": "425ef1f4-1e88-4735-af6e-9b44598d04b8",
              "isHook": false,
              "skipped": false
            },
            {
              "title": "Third country duty  measure has value 185.20 EUR / 100 kg",
              "fullTitle": "importing Mozzarella from Chile  Third country duty  measure has value 185.20 EUR / 100 kg",
              "timedOut": null,
              "duration": 142,
              "state": "passed",
              "speed": "slow",
              "pass": true,
              "fail": false,
              "pending": false,
              "context": null,
              "code": "cy.get('.govuk-table.measures.small-table > tbody > tr:nth-of-type(2) > td:nth-of-type(4)').should('be.visible');",
              "err": {},
              "uuid": "e7dc0cb5-6139-4897-89f6-3c2aab874ee0",
              "parentUUID": "425ef1f4-1e88-4735-af6e-9b44598d04b8",
              "isHook": false,
              "skipped": false
            },
            {
              "title": "preferential tariff quota order No:091924 is visible",
              "fullTitle": "importing Mozzarella from Chile  preferential tariff quota order No:091924 is visible",
              "timedOut": null,
              "duration": 417,
              "state": "passed",
              "speed": "slow",
              "pass": true,
              "fail": false,
              "pending": false,
              "context": null,
              "code": "cy.get('[href=\\'\\\\#import-3738187-order-number-091924\\']').click();\ncy.get('div#popup article > .govuk-table  h2').should('be.visible');\ncy.get('.close [href]').click();",
              "err": {},
              "uuid": "11b99480-5129-4801-95ae-54c6e24533eb",
              "parentUUID": "425ef1f4-1e88-4735-af6e-9b44598d04b8",
              "isHook": false,
              "skipped": false
            },
            {
              "title": "footnotes is visible",
              "fullTitle": "importing Mozzarella from Chile  footnotes is visible",
              "timedOut": null,
              "duration": 309,
              "state": "passed",
              "speed": "slow",
              "pass": true,
              "fail": false,
              "pending": false,
              "context": null,
              "code": "cy.get('[data-module] [role=\\'tabpanel\\']:nth-child(3) .small-table .govuk-table__caption').should('be.visible');",
              "err": {},
              "uuid": "ad1110db-bed7-484e-892c-afa515fee0b4",
              "parentUUID": "425ef1f4-1e88-4735-af6e-9b44598d04b8",
              "isHook": false,
              "skipped": false
            }
          ],
          "suites": [],
          "passes": [
            "49b70790-0a6a-4205-9aa3-8aa9f133c1ff",
            "386dd954-e32e-4847-ad7c-6f04b1e9d7af",
            "6e275f9c-74cf-4030-ae9c-7aa07967a955",
            "b2dbf49a-3ee8-4903-8440-d9b00a57afe0",
            "2bd7265e-3f31-40a0-9324-0e50e5778844",
            "7b9acaff-c0b3-4b3a-93fb-0252149713c8",
            "5bc03ec3-a9d7-4f66-a5cb-d30d9d4efce0",
            "e7dc0cb5-6139-4897-89f6-3c2aab874ee0",
            "11b99480-5129-4801-95ae-54c6e24533eb",
            "ad1110db-bed7-484e-892c-afa515fee0b4"
          ],
          "failures": [],
          "pending": [],
          "skipped": [],
          "duration": 13881,
          "root": false,
          "rootEmpty": false,
          "_timeout": 2000
        }
      ],
      "passes": [],
      "failures": [],
      "pending": [],
      "skipped": [],
      "duration": 0,
      "root": true,
      "rootEmpty": true,
      "_timeout": 2000
    }
  ],
  "meta": {
    "mocha": {
      "version": "7.0.1"
    },
    "mochawesome": {
      "options": {
        "quiet": false,
        "reportFilename": "mochawesome",
        "saveHtml": false,
        "saveJson": true,
        "consoleReporter": "spec",
        "useInlineDiffs": false,
        "code": true
      },
      "version": "6.2.1"
    },
    "marge": {
      "options": {
        "id": "default",
        "reportDir": "cypress/reports/mocha",
        "quite": true,
        "overwrite": false,
        "html": false,
        "json": true
      },
      "version": "5.1.0"
    }
  }
}