{
  "stats": {
    "suites": 1,
    "tests": 10,
    "passes": 10,
    "pending": 0,
    "failures": 0,
    "start": "2020-12-09T09:28:35.154Z",
    "end": "2020-12-09T09:28:48.465Z",
    "duration": 13311,
    "testsRegistered": 10,
    "passPercent": 100,
    "pendingPercent": 0,
    "other": 0,
    "hasOther": false,
    "skipped": 0,
    "hasSkipped": false
  },
  "results": [
    {
      "uuid": "87f1fff9-6c48-43d9-9dc1-fab5a6a4bba2",
      "title": "",
      "fullFile": "cypress/integration/frontend-testing/e2e002.js",
      "file": "cypress/integration/frontend-testing/e2e002.js",
      "beforeHooks": [],
      "afterHooks": [],
      "tests": [],
      "suites": [
        {
          "uuid": "f4892083-d5c2-4020-a23f-e72fe9e6d8fe",
          "title": "importing Mozzarella from Chile ",
          "fullFile": "",
          "file": "",
          "beforeHooks": [],
          "afterHooks": [],
          "tests": [
            {
              "title": "Navigate to trade tariff page ",
              "fullTitle": "importing Mozzarella from Chile  Navigate to trade tariff page ",
              "timedOut": null,
              "duration": 2157,
              "state": "passed",
              "speed": "slow",
              "pass": true,
              "fail": false,
              "pending": false,
              "context": null,
              "code": "// cy.wait(1000)\ncy.visit('https://www.gov.uk/trade-tariff'); //   cy.wait(1000)\ncy.get('p#get-started > a[role=\\'button\\']').contains('Start now').should('be.visible').click();",
              "err": {},
              "uuid": "f3f015bd-112d-4ab8-a99c-55530a94a453",
              "parentUUID": "f4892083-d5c2-4020-a23f-e72fe9e6d8fe",
              "isHook": false,
              "skipped": false
            },
            {
              "title": "enter commodity code for Mozzaarella - 0406103010 and search",
              "fullTitle": "importing Mozzarella from Chile  enter commodity code for Mozzaarella - 0406103010 and search",
              "timedOut": null,
              "duration": 3586,
              "state": "passed",
              "speed": "slow",
              "pass": true,
              "fail": false,
              "pending": false,
              "context": null,
              "code": "cy.get('.js-commodity-picker-select.js-show  input#q').click().type('0406103010');\ncy.wait(1000);\ncy.get('input[name=\\'new_search\\']').click();",
              "err": {},
              "uuid": "ce8e2c74-cb22-49c0-bce8-e48db763c154",
              "parentUUID": "f4892083-d5c2-4020-a23f-e72fe9e6d8fe",
              "isHook": false,
              "skipped": false
            },
            {
              "title": "Commodity information for 0406103010 is displayed",
              "fullTitle": "importing Mozzarella from Chile  Commodity information for 0406103010 is displayed",
              "timedOut": null,
              "duration": 157,
              "state": "passed",
              "speed": "slow",
              "pass": true,
              "fail": false,
              "pending": false,
              "context": null,
              "code": "cy.get('.commodity-header.govuk-heading-l').should('be.visible');",
              "err": {},
              "uuid": "4c018c9c-a63e-4378-ade9-f460bf6e069d",
              "parentUUID": "f4892083-d5c2-4020-a23f-e72fe9e6d8fe",
              "isHook": false,
              "skipped": false
            },
            {
              "title": "chapter notes is visible",
              "fullTitle": "importing Mozzarella from Chile  chapter notes is visible",
              "timedOut": null,
              "duration": 344,
              "state": "passed",
              "speed": "slow",
              "pass": true,
              "fail": false,
              "pending": false,
              "context": null,
              "code": "cy.get('div:nth-of-type(1) > .govuk-heading-s').should('be.visible');",
              "err": {},
              "uuid": "acc0ee37-ef7e-4472-9f2b-02a275e99364",
              "parentUUID": "f4892083-d5c2-4020-a23f-e72fe9e6d8fe",
              "isHook": false,
              "skipped": false
            },
            {
              "title": "select Import button",
              "fullTitle": "importing Mozzarella from Chile  select Import button",
              "timedOut": null,
              "duration": 288,
              "state": "passed",
              "speed": "slow",
              "pass": true,
              "fail": false,
              "pending": false,
              "context": null,
              "code": "cy.get('a#tab_import').click();",
              "err": {},
              "uuid": "8f6fdf1c-9e33-494c-9623-1c5af964d0ae",
              "parentUUID": "f4892083-d5c2-4020-a23f-e72fe9e6d8fe",
              "isHook": false,
              "skipped": false
            },
            {
              "title": "select Chile from All countries list",
              "fullTitle": "importing Mozzarella from Chile  select Chile from All countries list",
              "timedOut": null,
              "duration": 4918,
              "state": "passed",
              "speed": "slow",
              "pass": true,
              "fail": false,
              "pending": false,
              "context": null,
              "code": "cy.get('input#import_search_country').click().clear().wait(1000).type('Chile').wait(1000).type('{enter}');\ncy.wait(1000);",
              "err": {},
              "uuid": "7b225474-35d7-42e0-af9b-1ab8cb50fd5b",
              "parentUUID": "f4892083-d5c2-4020-a23f-e72fe9e6d8fe",
              "isHook": false,
              "skipped": false
            },
            {
              "title": "measures for Chile",
              "fullTitle": "importing Mozzarella from Chile  measures for Chile",
              "timedOut": null,
              "duration": 99,
              "state": "passed",
              "speed": "slow",
              "pass": true,
              "fail": false,
              "pending": false,
              "context": null,
              "code": "cy.get('.small-table > .govuk-table__caption:nth-of-type(1)').should('be.visible');",
              "err": {},
              "uuid": "d591fe02-4c68-44a1-abd1-7a4a37596e4e",
              "parentUUID": "f4892083-d5c2-4020-a23f-e72fe9e6d8fe",
              "isHook": false,
              "skipped": false
            },
            {
              "title": "Third country duty  measure has value 185.20 EUR / 100 kg",
              "fullTitle": "importing Mozzarella from Chile  Third country duty  measure has value 185.20 EUR / 100 kg",
              "timedOut": null,
              "duration": 47,
              "state": "passed",
              "speed": "medium",
              "pass": true,
              "fail": false,
              "pending": false,
              "context": null,
              "code": "cy.get('.govuk-table.measures.small-table > tbody > tr:nth-of-type(2) > td:nth-of-type(4)').should('be.visible');",
              "err": {},
              "uuid": "2d7ca250-f289-4369-9aa1-181961d54c51",
              "parentUUID": "f4892083-d5c2-4020-a23f-e72fe9e6d8fe",
              "isHook": false,
              "skipped": false
            },
            {
              "title": "preferential tariff quota order No:091924 is visible",
              "fullTitle": "importing Mozzarella from Chile  preferential tariff quota order No:091924 is visible",
              "timedOut": null,
              "duration": 366,
              "state": "passed",
              "speed": "slow",
              "pass": true,
              "fail": false,
              "pending": false,
              "context": null,
              "code": "cy.get('[href=\\'\\\\#import-3738187-order-number-091924\\']').click();\ncy.get('div#popup article > .govuk-table  h2').should('be.visible');\ncy.get('.close [href]').click();",
              "err": {},
              "uuid": "8450873a-06b1-4691-a657-fb281a99054e",
              "parentUUID": "f4892083-d5c2-4020-a23f-e72fe9e6d8fe",
              "isHook": false,
              "skipped": false
            },
            {
              "title": "footnotes is visible",
              "fullTitle": "importing Mozzarella from Chile  footnotes is visible",
              "timedOut": null,
              "duration": 87,
              "state": "passed",
              "speed": "slow",
              "pass": true,
              "fail": false,
              "pending": false,
              "context": null,
              "code": "cy.get('[data-module] [role=\\'tabpanel\\']:nth-child(3) .small-table .govuk-table__caption').should('be.visible');",
              "err": {},
              "uuid": "d8685080-f2e2-4e0d-921e-10da6466c7e5",
              "parentUUID": "f4892083-d5c2-4020-a23f-e72fe9e6d8fe",
              "isHook": false,
              "skipped": false
            }
          ],
          "suites": [],
          "passes": [
            "f3f015bd-112d-4ab8-a99c-55530a94a453",
            "ce8e2c74-cb22-49c0-bce8-e48db763c154",
            "4c018c9c-a63e-4378-ade9-f460bf6e069d",
            "acc0ee37-ef7e-4472-9f2b-02a275e99364",
            "8f6fdf1c-9e33-494c-9623-1c5af964d0ae",
            "7b225474-35d7-42e0-af9b-1ab8cb50fd5b",
            "d591fe02-4c68-44a1-abd1-7a4a37596e4e",
            "2d7ca250-f289-4369-9aa1-181961d54c51",
            "8450873a-06b1-4691-a657-fb281a99054e",
            "d8685080-f2e2-4e0d-921e-10da6466c7e5"
          ],
          "failures": [],
          "pending": [],
          "skipped": [],
          "duration": 12049,
          "root": false,
          "rootEmpty": false,
          "_timeout": 2000
        }
      ],
      "passes": [],
      "failures": [],
      "pending": [],
      "skipped": [],
      "duration": 0,
      "root": true,
      "rootEmpty": true,
      "_timeout": 2000
    }
  ],
  "meta": {
    "mocha": {
      "version": "7.0.1"
    },
    "mochawesome": {
      "options": {
        "quiet": false,
        "reportFilename": "mochawesome",
        "saveHtml": false,
        "saveJson": true,
        "consoleReporter": "spec",
        "useInlineDiffs": false,
        "code": true
      },
      "version": "6.2.1"
    },
    "marge": {
      "options": {
        "id": "default",
        "reportDir": "cypress/reports/mocha",
        "quite": true,
        "overwrite": false,
        "html": false,
        "json": true
      },
      "version": "5.1.0"
    }
  }
}