{
  "stats": {
    "suites": 1,
    "tests": 8,
    "passes": 8,
    "pending": 0,
    "failures": 0,
    "start": "2020-12-09T09:28:16.670Z",
    "end": "2020-12-09T09:28:29.451Z",
    "duration": 12781,
    "testsRegistered": 8,
    "passPercent": 100,
    "pendingPercent": 0,
    "other": 0,
    "hasOther": false,
    "skipped": 0,
    "hasSkipped": false
  },
  "results": [
    {
      "uuid": "844140dc-cab8-466e-b02e-928912a6c534",
      "title": "",
      "fullFile": "cypress/integration/frontend-testing/e2e001.js",
      "file": "cypress/integration/frontend-testing/e2e001.js",
      "beforeHooks": [],
      "afterHooks": [],
      "tests": [],
      "suites": [
        {
          "uuid": "ea71fe62-979a-4a79-b892-07092872e6c8",
          "title": "end to end test ",
          "fullFile": "",
          "file": "",
          "beforeHooks": [],
          "afterHooks": [],
          "tests": [
            {
              "title": "1.main page ",
              "fullTitle": "end to end test  1.main page ",
              "timedOut": null,
              "duration": 3401,
              "state": "passed",
              "speed": "slow",
              "pass": true,
              "fail": false,
              "pending": false,
              "context": null,
              "code": "cy.visit('https://www.gov.uk/trade-tariff');\ncy.wait(1000);\ncy.get('p#get-started > a[role=\\'button\\']').contains('Start now').should('be.visible').click();",
              "err": {},
              "uuid": "5628b6f0-4e03-45c2-a366-1187be85bea6",
              "parentUUID": "ea71fe62-979a-4a79-b892-07092872e6c8",
              "isHook": false,
              "skipped": false
            },
            {
              "title": "2.sections page details displayed",
              "fullTitle": "end to end test  2.sections page details displayed",
              "timedOut": null,
              "duration": 1783,
              "state": "passed",
              "speed": "slow",
              "pass": true,
              "fail": false,
              "pending": false,
              "context": null,
              "code": "cy.url().should('include', 'sections', {\n  timeout: 5000\n});\ncy.contains('All sections');\ncy.wait(1000);\ncy.get('tr:nth-of-type(1) > .govuk-table__cell.title > a').contains(' Live animals; animal products').click();\ncy.contains(' Live animals; animal products');",
              "err": {},
              "uuid": "c0738305-d3bf-4b70-b612-60605ff08895",
              "parentUUID": "ea71fe62-979a-4a79-b892-07092872e6c8",
              "isHook": false,
              "skipped": false
            },
            {
              "title": "3.chapters page is displayed",
              "fullTitle": "end to end test  3.chapters page is displayed",
              "timedOut": null,
              "duration": 1947,
              "state": "passed",
              "speed": "slow",
              "pass": true,
              "fail": false,
              "pending": false,
              "context": null,
              "code": "cy.contains('Section I: Live animals; animal products');\ncy.wait(1000);\ncy.get('tr:nth-of-type(1) > td:nth-of-type(2) > a').contains(' Live animals').click();\ncy.contains('Choose the heading that best matches your goods');",
              "err": {},
              "uuid": "29e5e465-d161-4093-8511-df3a669c0e00",
              "parentUUID": "ea71fe62-979a-4a79-b892-07092872e6c8",
              "isHook": false,
              "skipped": false
            },
            {
              "title": "4.headings page displayed",
              "fullTitle": "end to end test  4.headings page displayed",
              "timedOut": null,
              "duration": 1544,
              "state": "passed",
              "speed": "slow",
              "pass": true,
              "fail": false,
              "pending": false,
              "context": null,
              "code": "cy.contains('Live horses, asses, mules and hinnies');\ncy.wait(1000);\ncy.get('tr:nth-of-type(1) > td:nth-of-type(2) > a').contains('Live horses, asses, mules and hinnies').click();\ncy.contains('Choose the commodity code below that best matches your goods to see more information');",
              "err": {},
              "uuid": "e45fbcfd-bc41-4777-9e1d-bdcb9f701462",
              "parentUUID": "ea71fe62-979a-4a79-b892-07092872e6c8",
              "isHook": false,
              "skipped": false
            },
            {
              "title": "5.commodity code selection ",
              "fullTitle": "end to end test  5.commodity code selection ",
              "timedOut": null,
              "duration": 3422,
              "state": "passed",
              "speed": "slow",
              "pass": true,
              "fail": false,
              "pending": false,
              "context": null,
              "code": "cy.contains('Horses').click();\ncy.wait(1000);\ncy.contains('Pure-bred breeding animals').click();\ncy.contains('Commodity information for 0101210000').should('be.visible');\ncy.contains('Overview').should('be.visible');\ncy.contains('Import').should('be.visible');\ncy.contains('Export').should('be.visible');\ncy.wait(1000);\ncy.get('a#tab_import').contains('Import').click();",
              "err": {},
              "uuid": "f1a6399c-46bc-4151-b34c-1689ec4820aa",
              "parentUUID": "ea71fe62-979a-4a79-b892-07092872e6c8",
              "isHook": false,
              "skipped": false
            },
            {
              "title": "6.imports tab is visible",
              "fullTitle": "end to end test  6.imports tab is visible",
              "timedOut": null,
              "duration": 102,
              "state": "passed",
              "speed": "slow",
              "pass": true,
              "fail": false,
              "pending": false,
              "context": null,
              "code": "cy.contains('Trade between the UK and').should('be.visible');",
              "err": {},
              "uuid": "b5af0d25-7b1b-47ac-bf89-c3b21abba6f5",
              "parentUUID": "ea71fe62-979a-4a79-b892-07092872e6c8",
              "isHook": false,
              "skipped": false
            },
            {
              "title": "7.footnotes is visible",
              "fullTitle": "end to end test  7.footnotes is visible",
              "timedOut": null,
              "duration": 88,
              "state": "passed",
              "speed": "slow",
              "pass": true,
              "fail": false,
              "pending": false,
              "context": null,
              "code": "cy.get('[data-module] [role=\\'tabpanel\\']:nth-child(3) .small-table .govuk-table__caption').should('be.visible'); // cy.contains('Footnotes').should('be.visible')",
              "err": {},
              "uuid": "2371b98a-7386-4805-919e-38112361f300",
              "parentUUID": "ea71fe62-979a-4a79-b892-07092872e6c8",
              "isHook": false,
              "skipped": false
            },
            {
              "title": "8.forum Section is visible",
              "fullTitle": "end to end test  8.forum Section is visible",
              "timedOut": null,
              "duration": 77,
              "state": "passed",
              "speed": "slow",
              "pass": true,
              "fail": false,
              "pending": false,
              "context": null,
              "code": "cy.get('li:nth-of-type(9) > .govuk-header__link').should('be.visible');",
              "err": {},
              "uuid": "40e8e8ab-37b9-45ae-8e07-2a33bb0e3480",
              "parentUUID": "ea71fe62-979a-4a79-b892-07092872e6c8",
              "isHook": false,
              "skipped": false
            }
          ],
          "suites": [],
          "passes": [
            "5628b6f0-4e03-45c2-a366-1187be85bea6",
            "c0738305-d3bf-4b70-b612-60605ff08895",
            "29e5e465-d161-4093-8511-df3a669c0e00",
            "e45fbcfd-bc41-4777-9e1d-bdcb9f701462",
            "f1a6399c-46bc-4151-b34c-1689ec4820aa",
            "b5af0d25-7b1b-47ac-bf89-c3b21abba6f5",
            "2371b98a-7386-4805-919e-38112361f300",
            "40e8e8ab-37b9-45ae-8e07-2a33bb0e3480"
          ],
          "failures": [],
          "pending": [],
          "skipped": [],
          "duration": 12364,
          "root": false,
          "rootEmpty": false,
          "_timeout": 2000
        }
      ],
      "passes": [],
      "failures": [],
      "pending": [],
      "skipped": [],
      "duration": 0,
      "root": true,
      "rootEmpty": true,
      "_timeout": 2000
    }
  ],
  "meta": {
    "mocha": {
      "version": "7.0.1"
    },
    "mochawesome": {
      "options": {
        "quiet": false,
        "reportFilename": "mochawesome",
        "saveHtml": false,
        "saveJson": true,
        "consoleReporter": "spec",
        "useInlineDiffs": false,
        "code": true
      },
      "version": "6.2.1"
    },
    "marge": {
      "options": {
        "id": "default",
        "reportDir": "cypress/reports/mocha",
        "quite": true,
        "overwrite": false,
        "html": false,
        "json": true
      },
      "version": "5.1.0"
    }
  }
}