{
  "stats": {
    "suites": 1,
    "tests": 10,
    "passes": 10,
    "pending": 0,
    "failures": 0,
    "start": "2020-12-09T14:17:18.889Z",
    "end": "2020-12-09T14:17:34.631Z",
    "duration": 15742,
    "testsRegistered": 10,
    "passPercent": 100,
    "pendingPercent": 0,
    "other": 0,
    "hasOther": false,
    "skipped": 0,
    "hasSkipped": false
  },
  "results": [
    {
      "uuid": "6af1322f-1c6d-4353-97c1-d433c5891ffe",
      "title": "",
      "fullFile": "cypress/integration/frontend-testing/e2e002.js",
      "file": "cypress/integration/frontend-testing/e2e002.js",
      "beforeHooks": [],
      "afterHooks": [],
      "tests": [],
      "suites": [
        {
          "uuid": "e9908018-1f71-4a99-aad7-e5783208e1bb",
          "title": "importing Mozzarella from Chile ",
          "fullFile": "",
          "file": "",
          "beforeHooks": [],
          "afterHooks": [],
          "tests": [
            {
              "title": "Navigate to trade tariff page ",
              "fullTitle": "importing Mozzarella from Chile  Navigate to trade tariff page ",
              "timedOut": null,
              "duration": 4753,
              "state": "passed",
              "speed": "slow",
              "pass": true,
              "fail": false,
              "pending": false,
              "context": null,
              "code": "// cy.wait(1000)\ncy.visit('https://www.gov.uk/trade-tariff'); //   cy.wait(1000)\ncy.get('p#get-started > a[role=\\'button\\']').contains('Start now').should('be.visible').click();",
              "err": {},
              "uuid": "91809cbe-bd0b-4d41-a07f-4ba0c94ff45e",
              "parentUUID": "e9908018-1f71-4a99-aad7-e5783208e1bb",
              "isHook": false,
              "skipped": false
            },
            {
              "title": "enter commodity code for Mozzaarella - 0406103010 and search",
              "fullTitle": "importing Mozzarella from Chile  enter commodity code for Mozzaarella - 0406103010 and search",
              "timedOut": null,
              "duration": 4952,
              "state": "passed",
              "speed": "slow",
              "pass": true,
              "fail": false,
              "pending": false,
              "context": null,
              "code": "cy.get('.js-commodity-picker-select.js-show  input#q').click().type('0406103010');\ncy.wait(1000);\ncy.get('input[name=\\'new_search\\']').click();",
              "err": {},
              "uuid": "3e379879-f713-4447-a368-e6741db54d23",
              "parentUUID": "e9908018-1f71-4a99-aad7-e5783208e1bb",
              "isHook": false,
              "skipped": false
            },
            {
              "title": "Commodity information for 0406103010 is displayed",
              "fullTitle": "importing Mozzarella from Chile  Commodity information for 0406103010 is displayed",
              "timedOut": null,
              "duration": 133,
              "state": "passed",
              "speed": "slow",
              "pass": true,
              "fail": false,
              "pending": false,
              "context": null,
              "code": "cy.get('.commodity-header.govuk-heading-l').should('be.visible');",
              "err": {},
              "uuid": "78e5be42-01fa-49ea-be79-ec8e2958c4c6",
              "parentUUID": "e9908018-1f71-4a99-aad7-e5783208e1bb",
              "isHook": false,
              "skipped": false
            },
            {
              "title": "chapter notes is visible",
              "fullTitle": "importing Mozzarella from Chile  chapter notes is visible",
              "timedOut": null,
              "duration": 141,
              "state": "passed",
              "speed": "slow",
              "pass": true,
              "fail": false,
              "pending": false,
              "context": null,
              "code": "cy.get('div:nth-of-type(1) > .govuk-heading-s').should('be.visible');",
              "err": {},
              "uuid": "d7a71c99-53a7-4fa5-99fd-aa9719c27616",
              "parentUUID": "e9908018-1f71-4a99-aad7-e5783208e1bb",
              "isHook": false,
              "skipped": false
            },
            {
              "title": "select Import button",
              "fullTitle": "importing Mozzarella from Chile  select Import button",
              "timedOut": null,
              "duration": 238,
              "state": "passed",
              "speed": "slow",
              "pass": true,
              "fail": false,
              "pending": false,
              "context": null,
              "code": "cy.get('a#tab_import').click();",
              "err": {},
              "uuid": "4c294bc5-5614-49a6-ac0f-85a5f5faae72",
              "parentUUID": "e9908018-1f71-4a99-aad7-e5783208e1bb",
              "isHook": false,
              "skipped": false
            },
            {
              "title": "select Chile from All countries list",
              "fullTitle": "importing Mozzarella from Chile  select Chile from All countries list",
              "timedOut": null,
              "duration": 4440,
              "state": "passed",
              "speed": "slow",
              "pass": true,
              "fail": false,
              "pending": false,
              "context": null,
              "code": "cy.get('input#import_search_country').click().clear().wait(1000).type('Chile').wait(1000).type('{enter}');\ncy.wait(1000);",
              "err": {},
              "uuid": "05c4119c-e64e-46b3-80ab-9cd3d1bcf2be",
              "parentUUID": "e9908018-1f71-4a99-aad7-e5783208e1bb",
              "isHook": false,
              "skipped": false
            },
            {
              "title": "measures for Chile",
              "fullTitle": "importing Mozzarella from Chile  measures for Chile",
              "timedOut": null,
              "duration": 133,
              "state": "passed",
              "speed": "slow",
              "pass": true,
              "fail": false,
              "pending": false,
              "context": null,
              "code": "cy.get('.small-table > .govuk-table__caption:nth-of-type(1)').should('be.visible');",
              "err": {},
              "uuid": "dcf8211f-9290-48f7-a28b-9e1499d83924",
              "parentUUID": "e9908018-1f71-4a99-aad7-e5783208e1bb",
              "isHook": false,
              "skipped": false
            },
            {
              "title": "Third country duty  measure has value 185.20 EUR / 100 kg",
              "fullTitle": "importing Mozzarella from Chile  Third country duty  measure has value 185.20 EUR / 100 kg",
              "timedOut": null,
              "duration": 68,
              "state": "passed",
              "speed": "medium",
              "pass": true,
              "fail": false,
              "pending": false,
              "context": null,
              "code": "cy.get('.govuk-table.measures.small-table > tbody > tr:nth-of-type(2) > td:nth-of-type(4)').should('be.visible');",
              "err": {},
              "uuid": "2cc3e2fc-1a7c-4325-87d1-3d72f7424371",
              "parentUUID": "e9908018-1f71-4a99-aad7-e5783208e1bb",
              "isHook": false,
              "skipped": false
            },
            {
              "title": "preferential tariff quota order No:091924 is visible",
              "fullTitle": "importing Mozzarella from Chile  preferential tariff quota order No:091924 is visible",
              "timedOut": null,
              "duration": 312,
              "state": "passed",
              "speed": "slow",
              "pass": true,
              "fail": false,
              "pending": false,
              "context": null,
              "code": "cy.get('[href=\\'\\\\#import-3738187-order-number-091924\\']').click();\ncy.get('div#popup article > .govuk-table  h2').should('be.visible');\ncy.get('.close [href]').click();",
              "err": {},
              "uuid": "c66e0646-2bca-475f-8e9a-7a63a57db264",
              "parentUUID": "e9908018-1f71-4a99-aad7-e5783208e1bb",
              "isHook": false,
              "skipped": false
            },
            {
              "title": "footnotes is visible",
              "fullTitle": "importing Mozzarella from Chile  footnotes is visible",
              "timedOut": null,
              "duration": 222,
              "state": "passed",
              "speed": "slow",
              "pass": true,
              "fail": false,
              "pending": false,
              "context": null,
              "code": "cy.get('[data-module] [role=\\'tabpanel\\']:nth-child(3) .small-table .govuk-table__caption').should('be.visible');",
              "err": {},
              "uuid": "77b9a043-538b-4167-beed-4cbf3f689000",
              "parentUUID": "e9908018-1f71-4a99-aad7-e5783208e1bb",
              "isHook": false,
              "skipped": false
            }
          ],
          "suites": [],
          "passes": [
            "91809cbe-bd0b-4d41-a07f-4ba0c94ff45e",
            "3e379879-f713-4447-a368-e6741db54d23",
            "78e5be42-01fa-49ea-be79-ec8e2958c4c6",
            "d7a71c99-53a7-4fa5-99fd-aa9719c27616",
            "4c294bc5-5614-49a6-ac0f-85a5f5faae72",
            "05c4119c-e64e-46b3-80ab-9cd3d1bcf2be",
            "dcf8211f-9290-48f7-a28b-9e1499d83924",
            "2cc3e2fc-1a7c-4325-87d1-3d72f7424371",
            "c66e0646-2bca-475f-8e9a-7a63a57db264",
            "77b9a043-538b-4167-beed-4cbf3f689000"
          ],
          "failures": [],
          "pending": [],
          "skipped": [],
          "duration": 15392,
          "root": false,
          "rootEmpty": false,
          "_timeout": 2000
        }
      ],
      "passes": [],
      "failures": [],
      "pending": [],
      "skipped": [],
      "duration": 0,
      "root": true,
      "rootEmpty": true,
      "_timeout": 2000
    }
  ],
  "meta": {
    "mocha": {
      "version": "7.0.1"
    },
    "mochawesome": {
      "options": {
        "quiet": false,
        "reportFilename": "mochawesome",
        "saveHtml": false,
        "saveJson": true,
        "consoleReporter": "spec",
        "useInlineDiffs": false,
        "code": true
      },
      "version": "6.2.1"
    },
    "marge": {
      "options": {
        "id": "default",
        "reportDir": "cypress/reports/mocha",
        "quite": true,
        "overwrite": false,
        "html": false,
        "json": true
      },
      "version": "5.1.0"
    }
  }
}