{
  "stats": {
    "suites": 1,
    "tests": 3,
    "passes": 3,
    "pending": 0,
    "failures": 0,
    "start": "2020-12-08T11:37:51.117Z",
    "end": "2020-12-08T11:37:51.458Z",
    "duration": 341,
    "testsRegistered": 3,
    "passPercent": 100,
    "pendingPercent": 0,
    "other": 0,
    "hasOther": false,
    "skipped": 0,
    "hasSkipped": false
  },
  "results": [
    {
      "uuid": "b4c5130a-78a0-4b8d-bd40-ca4fa597c378",
      "title": "",
      "fullFile": "cypress/integration/api-testing/sectionsPage.spec.js",
      "file": "cypress/integration/api-testing/sectionsPage.spec.js",
      "beforeHooks": [],
      "afterHooks": [],
      "tests": [],
      "suites": [
        {
          "uuid": "8ceeabbc-20a7-4d16-b65c-598eea3f3f58",
          "title": "OTT API Testing - Sections Page v2",
          "fullFile": "",
          "file": "",
          "beforeHooks": [],
          "afterHooks": [],
          "tests": [
            {
              "title": "1 .main page response code 200",
              "fullTitle": "OTT API Testing - Sections Page v2 1 .main page response code 200",
              "timedOut": null,
              "duration": 174,
              "state": "passed",
              "speed": "slow",
              "pass": true,
              "fail": false,
              "pending": false,
              "context": null,
              "code": "cy.request('/sections').then(function (response) {\n  expect(response).to.have.property('status', 200);\n});",
              "err": {},
              "uuid": "0e41059c-0355-46c0-bbd1-435980b7954a",
              "parentUUID": "8ceeabbc-20a7-4d16-b65c-598eea3f3f58",
              "isHook": false,
              "skipped": false
            },
            {
              "title": "2. main page response not null",
              "fullTitle": "OTT API Testing - Sections Page v2 2. main page response not null",
              "timedOut": null,
              "duration": 60,
              "state": "passed",
              "speed": "medium",
              "pass": true,
              "fail": false,
              "pending": false,
              "context": null,
              "code": "cy.request('/sections').then(function (response) {\n  expect(response.body).to.not.be[\"null\"];\n});",
              "err": {},
              "uuid": "568502b8-eebc-4084-a794-b41326ffc722",
              "parentUUID": "8ceeabbc-20a7-4d16-b65c-598eea3f3f58",
              "isHook": false,
              "skipped": false
            },
            {
              "title": "3.returns a JSON data",
              "fullTitle": "OTT API Testing - Sections Page v2 3.returns a JSON data",
              "timedOut": null,
              "duration": 95,
              "state": "passed",
              "speed": "slow",
              "pass": true,
              "fail": false,
              "pending": false,
              "context": null,
              "code": "cy.request('/sections').its('headers').its('content-type').should('include', 'application/json');",
              "err": {},
              "uuid": "adb0917b-4d61-4204-970a-3b2927f3ea35",
              "parentUUID": "8ceeabbc-20a7-4d16-b65c-598eea3f3f58",
              "isHook": false,
              "skipped": false
            }
          ],
          "suites": [],
          "passes": [
            "0e41059c-0355-46c0-bbd1-435980b7954a",
            "568502b8-eebc-4084-a794-b41326ffc722",
            "adb0917b-4d61-4204-970a-3b2927f3ea35"
          ],
          "failures": [],
          "pending": [],
          "skipped": [],
          "duration": 329,
          "root": false,
          "rootEmpty": false,
          "_timeout": 2000
        }
      ],
      "passes": [],
      "failures": [],
      "pending": [],
      "skipped": [],
      "duration": 0,
      "root": true,
      "rootEmpty": true,
      "_timeout": 2000
    }
  ],
  "meta": {
    "mocha": {
      "version": "7.0.1"
    },
    "mochawesome": {
      "options": {
        "quiet": false,
        "reportFilename": "mochawesome",
        "saveHtml": false,
        "saveJson": true,
        "consoleReporter": "spec",
        "useInlineDiffs": false,
        "code": true
      },
      "version": "6.2.1"
    },
    "marge": {
      "options": {
        "id": "default",
        "reportDir": "cypress/reports/mocha",
        "quite": true,
        "overwrite": false,
        "html": false,
        "json": true
      },
      "version": "5.1.0"
    }
  }
}