{
  "stats": {
    "suites": 1,
    "tests": 2,
    "passes": 2,
    "pending": 0,
    "failures": 0,
    "start": "2020-12-10T10:30:56.689Z",
    "end": "2020-12-10T10:30:57.600Z",
    "duration": 911,
    "testsRegistered": 2,
    "passPercent": 100,
    "pendingPercent": 0,
    "other": 0,
    "hasOther": false,
    "skipped": 0,
    "hasSkipped": false
  },
  "results": [
    {
      "uuid": "5da1d3fd-12ff-4704-9afa-739fcda9a4c6",
      "title": "",
      "fullFile": "cypress/integration/api-testing/compareSectionVersions.spec.js",
      "file": "cypress/integration/api-testing/compareSectionVersions.spec.js",
      "beforeHooks": [],
      "afterHooks": [],
      "tests": [],
      "suites": [
        {
          "uuid": "4a38f612-cad3-4555-a40f-0aa1d50227ab",
          "title": "Validating API response with previous response stored in Json file",
          "fullFile": "",
          "file": "",
          "beforeHooks": [],
          "afterHooks": [],
          "tests": [
            {
              "title": "V2 - Sections page",
              "fullTitle": "Validating API response with previous response stored in Json file V2 - Sections page",
              "timedOut": null,
              "duration": 533,
              "state": "passed",
              "speed": "slow",
              "pass": true,
              "fail": false,
              "pending": false,
              "context": null,
              "code": "cy.request({\n  method: 'GET',\n  url: \"https://www.trade-tariff.service.gov.uk/api/v2/sections/01\"\n}).then(function (response) {\n  expect(response.status).to.eq(200);\n  console.log(response);\n  console.log(data2);\n  expect(response.body).to.deep.equal(data2);\n});",
              "err": {},
              "uuid": "e14ca514-23c4-4dbc-b7d9-45881f269210",
              "parentUUID": "4a38f612-cad3-4555-a40f-0aa1d50227ab",
              "isHook": false,
              "skipped": false
            },
            {
              "title": "V1 - Sections page",
              "fullTitle": "Validating API response with previous response stored in Json file V1 - Sections page",
              "timedOut": null,
              "duration": 336,
              "state": "passed",
              "speed": "slow",
              "pass": true,
              "fail": false,
              "pending": false,
              "context": null,
              "code": "cy.request({\n  method: 'GET',\n  url: \"https://www.trade-tariff.service.gov.uk/api/v1/sections/01\"\n}).then(function (response) {\n  expect(response.status).to.eq(200);\n  console.log(response);\n  console.log(data1);\n  expect(response.body).to.deep.equal(data1);\n});",
              "err": {},
              "uuid": "2d533d87-8978-4b81-8366-d3b4c0fe9421",
              "parentUUID": "4a38f612-cad3-4555-a40f-0aa1d50227ab",
              "isHook": false,
              "skipped": false
            }
          ],
          "suites": [],
          "passes": [
            "e14ca514-23c4-4dbc-b7d9-45881f269210",
            "2d533d87-8978-4b81-8366-d3b4c0fe9421"
          ],
          "failures": [],
          "pending": [],
          "skipped": [],
          "duration": 869,
          "root": false,
          "rootEmpty": false,
          "_timeout": 2000
        }
      ],
      "passes": [],
      "failures": [],
      "pending": [],
      "skipped": [],
      "duration": 0,
      "root": true,
      "rootEmpty": true,
      "_timeout": 2000
    }
  ],
  "meta": {
    "mocha": {
      "version": "7.0.1"
    },
    "mochawesome": {
      "options": {
        "quiet": false,
        "reportFilename": "mochawesome",
        "saveHtml": false,
        "saveJson": true,
        "consoleReporter": "spec",
        "useInlineDiffs": false,
        "code": true
      },
      "version": "6.2.1"
    },
    "marge": {
      "options": {
        "id": "default",
        "reportDir": "cypress/reports/mocha",
        "quite": true,
        "overwrite": false,
        "html": false,
        "json": true
      },
      "version": "5.1.0"
    }
  }
}