{
  "stats": {
    "suites": 1,
    "tests": 8,
    "passes": 8,
    "pending": 0,
    "failures": 0,
    "start": "2020-12-09T14:16:43.282Z",
    "end": "2020-12-09T14:17:03.838Z",
    "duration": 20556,
    "testsRegistered": 8,
    "passPercent": 100,
    "pendingPercent": 0,
    "other": 0,
    "hasOther": false,
    "skipped": 0,
    "hasSkipped": false
  },
  "results": [
    {
      "uuid": "223e1c18-b68c-430c-a0c7-c5d76b90c094",
      "title": "",
      "fullFile": "cypress/integration/frontend-testing/e2e001.js",
      "file": "cypress/integration/frontend-testing/e2e001.js",
      "beforeHooks": [],
      "afterHooks": [],
      "tests": [],
      "suites": [
        {
          "uuid": "2150324b-9bc8-4613-8f7e-4c8b89e7e68b",
          "title": "end to end test ",
          "fullFile": "",
          "file": "",
          "beforeHooks": [],
          "afterHooks": [],
          "tests": [
            {
              "title": "1.main page ",
              "fullTitle": "end to end test  1.main page ",
              "timedOut": null,
              "duration": 7275,
              "state": "passed",
              "speed": "slow",
              "pass": true,
              "fail": false,
              "pending": false,
              "context": null,
              "code": "cy.visit('https://www.gov.uk/trade-tariff');\ncy.wait(1000);\ncy.get('p#get-started > a[role=\\'button\\']').contains('Start now').should('be.visible').click();",
              "err": {},
              "uuid": "1b9df2a6-112a-4b5b-9762-27fbc8582664",
              "parentUUID": "2150324b-9bc8-4613-8f7e-4c8b89e7e68b",
              "isHook": false,
              "skipped": false
            },
            {
              "title": "2.sections page details displayed",
              "fullTitle": "end to end test  2.sections page details displayed",
              "timedOut": null,
              "duration": 3940,
              "state": "passed",
              "speed": "slow",
              "pass": true,
              "fail": false,
              "pending": false,
              "context": null,
              "code": "cy.url().should('include', 'sections', {\n  timeout: 5000\n});\ncy.contains('All sections');\ncy.wait(1000);\ncy.get('tr:nth-of-type(1) > .govuk-table__cell.title > a').contains(' Live animals; animal products').click();\ncy.contains(' Live animals; animal products');",
              "err": {},
              "uuid": "970c3898-d1a2-4ad8-8b6a-5d7002373a45",
              "parentUUID": "2150324b-9bc8-4613-8f7e-4c8b89e7e68b",
              "isHook": false,
              "skipped": false
            },
            {
              "title": "3.chapters page is displayed",
              "fullTitle": "end to end test  3.chapters page is displayed",
              "timedOut": null,
              "duration": 2572,
              "state": "passed",
              "speed": "slow",
              "pass": true,
              "fail": false,
              "pending": false,
              "context": null,
              "code": "cy.contains('Section I: Live animals; animal products');\ncy.wait(1000);\ncy.get('tr:nth-of-type(1) > td:nth-of-type(2) > a').contains(' Live animals').click();\ncy.contains('Choose the heading that best matches your goods');",
              "err": {},
              "uuid": "c131f7fd-3ccb-4fe2-ab78-cbee98c76c12",
              "parentUUID": "2150324b-9bc8-4613-8f7e-4c8b89e7e68b",
              "isHook": false,
              "skipped": false
            },
            {
              "title": "4.headings page displayed",
              "fullTitle": "end to end test  4.headings page displayed",
              "timedOut": null,
              "duration": 1938,
              "state": "passed",
              "speed": "slow",
              "pass": true,
              "fail": false,
              "pending": false,
              "context": null,
              "code": "cy.contains('Live horses, asses, mules and hinnies');\ncy.wait(1000);\ncy.get('tr:nth-of-type(1) > td:nth-of-type(2) > a').contains('Live horses, asses, mules and hinnies').click();\ncy.contains('Choose the commodity code below that best matches your goods to see more information');",
              "err": {},
              "uuid": "3320eb55-0bc0-4035-96be-d0c3e8b3213b",
              "parentUUID": "2150324b-9bc8-4613-8f7e-4c8b89e7e68b",
              "isHook": false,
              "skipped": false
            },
            {
              "title": "5.commodity code selection ",
              "fullTitle": "end to end test  5.commodity code selection ",
              "timedOut": null,
              "duration": 3918,
              "state": "passed",
              "speed": "slow",
              "pass": true,
              "fail": false,
              "pending": false,
              "context": null,
              "code": "cy.contains('Horses').click();\ncy.wait(1000);\ncy.contains('Pure-bred breeding animals').click();\ncy.contains('Commodity information for 0101210000').should('be.visible');\ncy.contains('Overview').should('be.visible');\ncy.contains('Import').should('be.visible');\ncy.contains('Export').should('be.visible');\ncy.wait(1000);\ncy.get('a#tab_import').contains('Import').click();",
              "err": {},
              "uuid": "595f78b6-fee1-4815-b5fa-c81a1b436394",
              "parentUUID": "2150324b-9bc8-4613-8f7e-4c8b89e7e68b",
              "isHook": false,
              "skipped": false
            },
            {
              "title": "6.imports tab is visible",
              "fullTitle": "end to end test  6.imports tab is visible",
              "timedOut": null,
              "duration": 203,
              "state": "passed",
              "speed": "slow",
              "pass": true,
              "fail": false,
              "pending": false,
              "context": null,
              "code": "cy.contains('Trade between the UK and').should('be.visible');",
              "err": {},
              "uuid": "f030563d-92d6-495f-87eb-d840fb11f629",
              "parentUUID": "2150324b-9bc8-4613-8f7e-4c8b89e7e68b",
              "isHook": false,
              "skipped": false
            },
            {
              "title": "7.footnotes is visible",
              "fullTitle": "end to end test  7.footnotes is visible",
              "timedOut": null,
              "duration": 88,
              "state": "passed",
              "speed": "slow",
              "pass": true,
              "fail": false,
              "pending": false,
              "context": null,
              "code": "cy.get('[data-module] [role=\\'tabpanel\\']:nth-child(3) .small-table .govuk-table__caption').should('be.visible'); // cy.contains('Footnotes').should('be.visible')",
              "err": {},
              "uuid": "c9728328-bcbe-4c04-908f-a56981e06c1d",
              "parentUUID": "2150324b-9bc8-4613-8f7e-4c8b89e7e68b",
              "isHook": false,
              "skipped": false
            },
            {
              "title": "8.forum Section is visible",
              "fullTitle": "end to end test  8.forum Section is visible",
              "timedOut": null,
              "duration": 139,
              "state": "passed",
              "speed": "slow",
              "pass": true,
              "fail": false,
              "pending": false,
              "context": null,
              "code": "cy.get('li:nth-of-type(9) > .govuk-header__link').should('be.visible');",
              "err": {},
              "uuid": "f4c43255-52f6-41df-a0d2-c01f961123f0",
              "parentUUID": "2150324b-9bc8-4613-8f7e-4c8b89e7e68b",
              "isHook": false,
              "skipped": false
            }
          ],
          "suites": [],
          "passes": [
            "1b9df2a6-112a-4b5b-9762-27fbc8582664",
            "970c3898-d1a2-4ad8-8b6a-5d7002373a45",
            "c131f7fd-3ccb-4fe2-ab78-cbee98c76c12",
            "3320eb55-0bc0-4035-96be-d0c3e8b3213b",
            "595f78b6-fee1-4815-b5fa-c81a1b436394",
            "f030563d-92d6-495f-87eb-d840fb11f629",
            "c9728328-bcbe-4c04-908f-a56981e06c1d",
            "f4c43255-52f6-41df-a0d2-c01f961123f0"
          ],
          "failures": [],
          "pending": [],
          "skipped": [],
          "duration": 20073,
          "root": false,
          "rootEmpty": false,
          "_timeout": 2000
        }
      ],
      "passes": [],
      "failures": [],
      "pending": [],
      "skipped": [],
      "duration": 0,
      "root": true,
      "rootEmpty": true,
      "_timeout": 2000
    }
  ],
  "meta": {
    "mocha": {
      "version": "7.0.1"
    },
    "mochawesome": {
      "options": {
        "quiet": false,
        "reportFilename": "mochawesome",
        "saveHtml": false,
        "saveJson": true,
        "consoleReporter": "spec",
        "useInlineDiffs": false,
        "code": true
      },
      "version": "6.2.1"
    },
    "marge": {
      "options": {
        "id": "default",
        "reportDir": "cypress/reports/mocha",
        "quite": true,
        "overwrite": false,
        "html": false,
        "json": true
      },
      "version": "5.1.0"
    }
  }
}