{
  "stats": {
    "suites": 1,
    "tests": 1,
    "passes": 1,
    "pending": 0,
    "failures": 0,
    "start": "2020-12-08T16:16:48.437Z",
    "end": "2020-12-08T16:16:48.988Z",
    "duration": 551,
    "testsRegistered": 1,
    "passPercent": 100,
    "pendingPercent": 0,
    "other": 0,
    "hasOther": false,
    "skipped": 0,
    "hasSkipped": false
  },
  "results": [
    {
      "uuid": "944b3b7b-fd76-4549-b7f1-6f8044d2d542",
      "title": "",
      "fullFile": "cypress/integration/api-testing/compareSection01.spec.js",
      "file": "cypress/integration/api-testing/compareSection01.spec.js",
      "beforeHooks": [],
      "afterHooks": [],
      "tests": [],
      "suites": [
        {
          "uuid": "0b1abf6e-8d77-4f88-84bf-1f077b94f60d",
          "title": "Validating API response with previous response stored in Json file",
          "fullFile": "",
          "file": "",
          "beforeHooks": [],
          "afterHooks": [],
          "tests": [
            {
              "title": "Sections 01 page",
              "fullTitle": "Validating API response with previous response stored in Json file Sections 01 page",
              "timedOut": null,
              "duration": 507,
              "state": "passed",
              "speed": "slow",
              "pass": true,
              "fail": false,
              "pending": false,
              "context": null,
              "code": "cy.request({\n  method: 'GET',\n  url: \"https://www.trade-tariff.service.gov.uk/api/v2/sections/01\"\n}).then(function (response) {\n  expect(response.status).to.eq(200);\n  console.log(response);\n  console.log(data);\n  expect(response.body).to.deep.equal(data);\n});",
              "err": {},
              "uuid": "69e85ab9-40ca-495b-b2f6-1bc2d90b7c7f",
              "parentUUID": "0b1abf6e-8d77-4f88-84bf-1f077b94f60d",
              "isHook": false,
              "skipped": false
            }
          ],
          "suites": [],
          "passes": [
            "69e85ab9-40ca-495b-b2f6-1bc2d90b7c7f"
          ],
          "failures": [],
          "pending": [],
          "skipped": [],
          "duration": 507,
          "root": false,
          "rootEmpty": false,
          "_timeout": 2000
        }
      ],
      "passes": [],
      "failures": [],
      "pending": [],
      "skipped": [],
      "duration": 0,
      "root": true,
      "rootEmpty": true,
      "_timeout": 2000
    }
  ],
  "meta": {
    "mocha": {
      "version": "7.0.1"
    },
    "mochawesome": {
      "options": {
        "quiet": false,
        "reportFilename": "mochawesome",
        "saveHtml": false,
        "saveJson": true,
        "consoleReporter": "spec",
        "useInlineDiffs": false,
        "code": true
      },
      "version": "6.2.1"
    },
    "marge": {
      "options": {
        "id": "default",
        "reportDir": "cypress/reports/mocha",
        "quite": true,
        "overwrite": false,
        "html": false,
        "json": true
      },
      "version": "5.1.0"
    }
  }
}