{
  "stats": {
    "suites": 1,
    "tests": 2,
    "passes": 2,
    "pending": 0,
    "failures": 0,
    "start": "2020-12-09T14:16:20.680Z",
    "end": "2020-12-09T14:16:21.692Z",
    "duration": 1012,
    "testsRegistered": 2,
    "passPercent": 100,
    "pendingPercent": 0,
    "other": 0,
    "hasOther": false,
    "skipped": 0,
    "hasSkipped": false
  },
  "results": [
    {
      "uuid": "cd9bc3c3-6720-402a-9d64-c9c9b84ec1bf",
      "title": "",
      "fullFile": "cypress/integration/api-testing/mainPage.spec.js",
      "file": "cypress/integration/api-testing/mainPage.spec.js",
      "beforeHooks": [],
      "afterHooks": [],
      "tests": [],
      "suites": [
        {
          "uuid": "07b49e19-038b-4e03-b12a-17362ed453a0",
          "title": "HOTT API Testing",
          "fullFile": "",
          "file": "",
          "beforeHooks": [],
          "afterHooks": [],
          "tests": [
            {
              "title": "1.Get - read main page response not null",
              "fullTitle": "HOTT API Testing 1.Get - read main page response not null",
              "timedOut": null,
              "duration": 611,
              "state": "passed",
              "speed": "slow",
              "pass": true,
              "fail": false,
              "pending": false,
              "context": null,
              "code": "cy.request('/0702000007').then(function (response) {\n  expect(response.body).to.not.be[\"null\"];\n});",
              "err": {},
              "uuid": "3c10f86b-76d7-4e00-9d43-f208c2a62209",
              "parentUUID": "07b49e19-038b-4e03-b12a-17362ed453a0",
              "isHook": false,
              "skipped": false
            },
            {
              "title": "2.GET - read main page response code 200",
              "fullTitle": "HOTT API Testing 2.GET - read main page response code 200",
              "timedOut": null,
              "duration": 369,
              "state": "passed",
              "speed": "slow",
              "pass": true,
              "fail": false,
              "pending": false,
              "context": null,
              "code": "cy.request('/0702000007').then(function (response) {\n  expect(response).to.have.property('status', 200);\n});",
              "err": {},
              "uuid": "3540b525-15b0-4d2c-9b72-14704dadf24e",
              "parentUUID": "07b49e19-038b-4e03-b12a-17362ed453a0",
              "isHook": false,
              "skipped": false
            }
          ],
          "suites": [],
          "passes": [
            "3c10f86b-76d7-4e00-9d43-f208c2a62209",
            "3540b525-15b0-4d2c-9b72-14704dadf24e"
          ],
          "failures": [],
          "pending": [],
          "skipped": [],
          "duration": 980,
          "root": false,
          "rootEmpty": false,
          "_timeout": 2000
        }
      ],
      "passes": [],
      "failures": [],
      "pending": [],
      "skipped": [],
      "duration": 0,
      "root": true,
      "rootEmpty": true,
      "_timeout": 2000
    }
  ],
  "meta": {
    "mocha": {
      "version": "7.0.1"
    },
    "mochawesome": {
      "options": {
        "quiet": false,
        "reportFilename": "mochawesome",
        "saveHtml": false,
        "saveJson": true,
        "consoleReporter": "spec",
        "useInlineDiffs": false,
        "code": true
      },
      "version": "6.2.1"
    },
    "marge": {
      "options": {
        "id": "default",
        "reportDir": "cypress/reports/mocha",
        "quite": true,
        "overwrite": false,
        "html": false,
        "json": true
      },
      "version": "5.1.0"
    }
  }
}